Row 000 NOT safe: SIGN change: (-4, j=6): Row = [42 44 47 49 51 52 54 52]
Row 001 NOT safe: NO change: (0, j=6): Row = [24 27 30 31 32 35 36 36]
Row 002 NOT safe: diff to LARGE: (diff = 4, j=5): Row = [80 82 85 86 87 90 94  0]
Row 003 NOT safe: diff to LARGE: (diff = 6, j=5): Row = [ 4  5  7 10 13 14 20  0]
Row 004 NOT safe: SIGN change: (-3, j=1): Row = [38 41 40 42 45 47 50 52]
Row 005 NOT safe: SIGN change: (-9, j=4): Row = [43 46 48 49 52 49 52 49]
Row 006 NOT safe: SIGN change: (-2, j=5): Row = [38 41 42 44 47 49 48 48]
Row 007 NOT safe: SIGN change: (-2, j=1): Row = [60 62 61 63 67  0  0  0]
Row 008 NOT safe: SIGN change: (-6, j=2): Row = [33 36 38 35 41  0  0  0]
Row 009 NOT safe: NO change: (0, j=1): Row = [31 32 32 35 37 38  0  0]
Row 010 NOT safe: NO change: (0, j=1): Row = [68 69 69 70 71 74 75 73]
Row 011 NOT safe: NO change: (0, j=3): Row = [29 32 34 35 35 37 38 38]
Row 012 NOT safe: NO change: (0, j=3): Row = [83 84 85 88 88 90 93 97]
Row 013 NOT safe: NO change: (0, j=3): Row = [23 24 25 28 28 34  0  0]
Row 014 NOT safe: diff to LARGE: (diff = 4, j=4): Row = [78 80 83 84 86 90 93 96]
Row 015 NOT safe: diff to LARGE: (diff = 4, j=2): Row = [43 46 47 51 52 51  0  0]
Row 016 NOT safe: diff to LARGE: (diff = 4, j=2): Row = [22 23 25 29 29  0  0  0]
Row 017 NOT safe: diff to LARGE: (diff = 4, j=4): Row = [78 81 84 87 90 94 95 99]
Row 018 NOT safe: diff to LARGE: (diff = 4, j=3): Row = [ 9 11 13 15 19 25  0  0]
Row 019 NOT safe: diff to LARGE: (diff = 6, j=1): Row = [ 7  9 15 17 19 21  0  0]
Row 020 NOT safe: diff to LARGE: (diff = 6, j=2): Row = [44 46 48 54 53  0  0  0]
Row 021 NOT safe: diff to LARGE: (diff = 5, j=1): Row = [83 85 90 91 91  0  0  0]
Row 022 NOT safe: diff to LARGE: (diff = 5, j=3): Row = [22 23 24 25 30 34  0  0]
Row 023 NOT safe: diff to LARGE: (diff = 5, j=1): Row = [61 63 68 70 71 76  0  0]
Row 024 NOT safe: SIGN change: (-3, j=1): Row = [57 54 55 57 59 61  0  0]
Row 025 NOT safe: SIGN change: (-6, j=1): Row = [13 10 12 13 14 12  0  0]
Row 026 NOT safe: SIGN change: (-3, j=1): Row = [20 19 22 25 27 27  0  0]
Row 027 NOT safe: SIGN change: (-9, j=1): Row = [79 76 79 81 83 87  0  0]
Row 028 NOT safe: SIGN change: (-1, j=1): Row = [83 82 83 85 87 89 96  0]
Row 029 NOT safe: SIGN change: (-9, j=2): Row = [59 57 54 57 59 62  0  0]
Row 030 NOT safe: SIGN change: (-2, j=1): Row = [30 28 29 26 27 29 27  0]
Row 031 NOT safe: SIGN change: (-4, j=2): Row = [84 83 81 83 85 87 87  0]
Row 032 NOT safe: SIGN change: (-2, j=1): Row = [47 46 48 51 54 57 54 58]
Row 033 NOT safe: SIGN change: (-9, j=2): Row = [12  9  6  9 12 13 15 20]
Row 034 NOT safe: SIGN change: (-4, j=1): Row = [ 5  3  5  8  9 12 12 13]
Row 035 NOT safe: NO change: (0, j=1): Row = [84 83 83 86 83  0  0  0]
Row 036 NOT safe: NO change: (0, j=1): Row = [30 27 27 30 30  0  0  0]
Row 037 NOT safe: SIGN change: (-2, j=1): Row = [27 26 28 29 29 30 34  0]
Row 038 NOT safe: NO change: (0, j=1): Row = [16 15 15 18 25  0  0  0]
Row 039 NOT safe: SIGN change: (-3, j=1): Row = [74 71 72 75 78 82 84 87]
Row 040 NOT safe: SIGN change: (-12, j=1): Row = [62 59 63 65 66 68 70 67]
Row 041 NOT safe: SIGN change: (-3, j=1): Row = [22 19 20 24 24  0  0  0]
Row 042 NOT safe: SIGN change: (-4, j=1): Row = [68 67 71 72 76  0  0  0]
Row 043 NOT safe: SIGN change: (-1, j=1): Row = [36 35 36 38 41 43 47 53]
Row 044 NOT safe: SIGN change: (-3, j=1): Row = [19 16 17 20 27 29  0  0]
Row 045 NOT safe: SIGN change: (-5, j=1): Row = [68 67 72 74 71  0  0  0]
Row 046 NOT safe: SIGN change: (-1, j=1): Row = [40 39 40 45 47 47  0  0]
Row 047 NOT safe: SIGN change: (-2, j=1): Row = [38 37 39 46 48 49 51 55]
Row 048 NOT safe: SIGN change: (-2, j=1): Row = [ 8  6  7 10 16 19 24  0]
Row 049 NOT safe: diff to LARGE: (diff = 0, j=0): Row = [44 44 47 48 50 51  0  0]
Row 050 NOT safe: diff to LARGE: (diff = 0, j=0): Row = [91 91 93 95 97 98 96  0]
Row 051 NOT safe: diff to LARGE: (diff = 0, j=0): Row = [92 92 93 94 94  0  0  0]
Row 052 NOT safe: diff to LARGE: (diff = 0, j=0): Row = [62 62 65 66 68 69 71 75]
Row 053 NOT safe: diff to LARGE: (diff = 0, j=0): Row = [ 9  9 12 13 14 15 16 23]
Row 054 NOT safe: diff to LARGE: (diff = 0, j=0): Row = [29 29 28 31 34 37 40  0]
Row 055 NOT safe: diff to LARGE: (diff = 0, j=0): Row = [39 39 38 39 38  0  0  0]
Row 056 NOT safe: diff to LARGE: (diff = 0, j=0): Row = [95 95 97 98 95 97 97  0]
Row 057 NOT safe: diff to LARGE: (diff = 0, j=0): Row = [37 37 34 35 39  0  0  0]
Row 058 NOT safe: diff to LARGE: (diff = 0, j=0): Row = [48 48 46 48 55  0  0  0]
Row 059 NOT safe: diff to LARGE: (diff = 0, j=0): Row = [49 49 51 53 56 56 59 60]
Row 060 NOT safe: diff to LARGE: (diff = 0, j=0): Row = [13 13 16 19 19 21 19  0]
Row 061 NOT safe: diff to LARGE: (diff = 0, j=0): Row = [94 94 97 98 98 99 99  0]
Row 062 NOT safe: diff to LARGE: (diff = 0, j=0): Row = [37 37 37 40 44  0  0  0]
Row 063 NOT safe: diff to LARGE: (diff = 0, j=0): Row = [64 64 64 66 68 70 76  0]
Row 064 NOT safe: diff to LARGE: (diff = 0, j=0): Row = [32 32 34 38 39  0  0  0]
Row 065 NOT safe: diff to LARGE: (diff = 0, j=0): Row = [ 6  6 10 13 15 16 19 17]
Row 066 NOT safe: diff to LARGE: (diff = 0, j=0): Row = [64 64 68 71 71  0  0  0]
Row 067 NOT safe: diff to LARGE: (diff = 0, j=0): Row = [29 29 32 36 37 38 40 44]
Row 068 NOT safe: diff to LARGE: (diff = 0, j=0): Row = [28 28 31 35 40  0  0  0]
Row 069 NOT safe: diff to LARGE: (diff = 0, j=0): Row = [33 33 40 43 45 46 49 51]
Row 070 NOT safe: diff to LARGE: (diff = 0, j=0): Row = [ 7  7  9 14 16 18 15  0]
Row 071 NOT safe: diff to LARGE: (diff = 0, j=0): Row = [47 47 50 51 58 59 60 60]
Row 072 NOT safe: diff to LARGE: (diff = 0, j=0): Row = [47 47 53 55 57 58 61 65]
Row 073 NOT safe: diff to LARGE: (diff = 0, j=0): Row = [46 46 47 49 55 56 63  0]
Row 074 NOT safe: diff to LARGE: (diff = 4, j=0): Row = [32 36 37 40 41 43 45 47]
Row 075 NOT safe: diff to LARGE: (diff = 4, j=0): Row = [21 25 27 29 27  0  0  0]
Row 076 NOT safe: diff to LARGE: (diff = 4, j=0): Row = [ 8 12 15 16 16  0  0  0]
Row 077 NOT safe: diff to LARGE: (diff = 4, j=0): Row = [ 5  9 12 15 17 19 23  0]
Row 078 NOT safe: diff to LARGE: (diff = 4, j=0): Row = [85 89 91 92 97  0  0  0]
Row 079 NOT safe: diff to LARGE: (diff = 4, j=0): Row = [44 48 45 46 49 51  0  0]
Row 080 NOT safe: diff to LARGE: (diff = 4, j=0): Row = [50 54 56 55 58 55  0  0]
Row 081 NOT safe: diff to LARGE: (diff = 4, j=0): Row = [23 27 26 29 30 30  0  0]
Row 082 NOT safe: diff to LARGE: (diff = 4, j=0): Row = [37 41 43 41 43 47  0  0]
Row 083 NOT safe: diff to LARGE: (diff = 4, j=0): Row = [86 90 92 90 91 98  0  0]
Row 084 NOT safe: diff to LARGE: (diff = 4, j=0): Row = [24 28 31 32 33 33 35  0]
Row 085 NOT safe: diff to LARGE: (diff = 4, j=0): Row = [ 7 11 12 12 11  0  0  0]
Row 086 NOT safe: diff to LARGE: (diff = 4, j=0): Row = [89 93 93 94 97 97  0  0]
Row 087 NOT safe: diff to LARGE: (diff = 4, j=0): Row = [48 52 55 56 59 59 63  0]
Row 088 NOT safe: diff to LARGE: (diff = 4, j=0): Row = [23 27 30 30 37  0  0  0]
Row 089 NOT safe: diff to LARGE: (diff = 4, j=0): Row = [53 57 60 64 67 69  0  0]
Row 090 NOT safe: diff to LARGE: (diff = 4, j=0): Row = [37 41 45 46 48 51 54 53]
Row 091 NOT safe: diff to LARGE: (diff = 4, j=0): Row = [67 71 75 76 79 79  0  0]
Row 092 NOT safe: diff to LARGE: (diff = 4, j=0): Row = [60 64 67 70 74 78  0  0]
Row 093 NOT safe: diff to LARGE: (diff = 4, j=0): Row = [73 77 78 81 84 86 90 95]
Row 094 NOT safe: diff to LARGE: (diff = 4, j=0): Row = [14 18 20 23 29 32 34 35]
Row 095 NOT safe: diff to LARGE: (diff = 4, j=0): Row = [61 65 66 68 74 75 72  0]
Row 096 NOT safe: diff to LARGE: (diff = 4, j=0): Row = [ 6 10 13 14 17 22 22  0]
Row 097 NOT safe: diff to LARGE: (diff = 4, j=0): Row = [82 86 91 92 94 98  0  0]
Row 098 NOT safe: diff to LARGE: (diff = 4, j=0): Row = [45 49 51 52 59 62 68  0]
Row 099 NOT safe: diff to LARGE: (diff = 5, j=0): Row = [72 77 79 81 82  0  0  0]
Row 100 NOT safe: diff to LARGE: (diff = 7, j=0): Row = [15 22 25 26 27 29 31 30]
Row 101 NOT safe: diff to LARGE: (diff = 5, j=0): Row = [21 26 28 29 31 33 33  0]
Row 102 NOT safe: diff to LARGE: (diff = 7, j=0): Row = [32 39 40 43 44 47 49 53]
Row 103 NOT safe: diff to LARGE: (diff = 6, j=0): Row = [54 60 61 63 64 71  0  0]
Row 104 NOT safe: diff to LARGE: (diff = 6, j=0): Row = [60 66 68 70 68 70 73 76]
Row 105 NOT safe: diff to LARGE: (diff = 5, j=0): Row = [36 41 42 44 46 43 46 43]
Row 106 NOT safe: diff to LARGE: (diff = 7, j=0): Row = [12 19 18 20 20  0  0  0]
Row 107 NOT safe: diff to LARGE: (diff = 6, j=0): Row = [55 61 63 65 66 63 64 68]
Row 108 NOT safe: diff to LARGE: (diff = 5, j=0): Row = [29 34 37 36 37 40 42 49]
Row 109 NOT safe: diff to LARGE: (diff = 5, j=0): Row = [50 55 57 57 58 59 61  0]
Row 110 NOT safe: diff to LARGE: (diff = 6, j=0): Row = [33 39 41 44 47 50 50 48]
Row 111 NOT safe: diff to LARGE: (diff = 7, j=0): Row = [59 66 68 68 68  0  0  0]
Row 112 NOT safe: diff to LARGE: (diff = 5, j=0): Row = [65 70 70 72 74 78  0  0]
Row 113 NOT safe: diff to LARGE: (diff = 7, j=0): Row = [26 33 35 36 36 39 42 47]
Row 114 NOT safe: diff to LARGE: (diff = 5, j=0): Row = [33 38 42 44 45 48 49  0]
Row 115 NOT safe: diff to LARGE: (diff = 7, j=0): Row = [44 51 55 58 60 59  0  0]
Row 116 NOT safe: diff to LARGE: (diff = 7, j=0): Row = [45 52 56 59 59  0  0  0]
Row 117 NOT safe: diff to LARGE: (diff = 6, j=0): Row = [22 28 30 32 36 40  0  0]
Row 118 NOT safe: diff to LARGE: (diff = 5, j=0): Row = [27 32 34 36 37 41 42 49]
Row 119 NOT safe: diff to LARGE: (diff = 7, j=0): Row = [70 77 80 81 82 87 90 91]
Row 120 NOT safe: diff to LARGE: (diff = 7, j=0): Row = [74 81 83 86 92 95 96 93]
Row 121 NOT safe: diff to LARGE: (diff = 5, j=0): Row = [ 8 13 14 20 21 24 24  0]
Row 122 NOT safe: diff to LARGE: (diff = 5, j=0): Row = [32 37 43 46 50  0  0  0]
Row 123 NOT safe: diff to LARGE: (diff = 7, j=0): Row = [55 62 64 70 72 77  0  0]
Row 124 NOT safe: SIGN change: (-6, j=4): Row = [87 85 84 81 79 82  0  0]
Row 125 NOT safe: NO change: (0, j=4): Row = [91 88 86 85 82 82  0  0]
Row 126 NOT safe: diff to LARGE: (diff = -4, j=3): Row = [80 77 74 72 68  0  0  0]
Row 127 NOT safe: diff to LARGE: (diff = -6, j=5): Row = [33 31 29 27 24 21 15  0]
Row 128 NOT safe: SIGN change: (-3, j=1): Row = [28 25 26 25 24  0  0  0]
Row 129 NOT safe: SIGN change: (-2, j=1): Row = [46 44 45 43 45  0  0  0]
Row 130 NOT safe: SIGN change: (-4, j=1): Row = [26 24 26 23 21 21  0  0]
Row 131 NOT safe: SIGN change: (-2, j=3): Row = [47 45 42 41 43 41 37  0]
Row 132 NOT safe: SIGN change: (-2, j=1): Row = [30 28 29 28 26 21  0  0]
Row 133 NOT safe: NO change: (0, j=3): Row = [22 20 19 16 16 13 11  0]
Row 134 NOT safe: NO change: (0, j=2): Row = [37 34 31 31 32  0  0  0]
Row 135 NOT safe: NO change: (0, j=2): Row = [59 56 54 54 53 50 50  0]
Row 136 NOT safe: NO change: (0, j=2): Row = [63 61 60 60 58 54  0  0]
Row 137 NOT safe: NO change: (0, j=1): Row = [16 13 13 10  9  2  0  0]
Row 138 NOT safe: diff to LARGE: (diff = -4, j=2): Row = [35 33 30 26 24  0  0  0]
Row 139 NOT safe: diff to LARGE: (diff = -4, j=1): Row = [80 78 74 71 68 65 67  0]
Row 140 NOT safe: diff to LARGE: (diff = -4, j=2): Row = [67 65 62 58 56 54 54  0]
Row 141 NOT safe: diff to LARGE: (diff = -4, j=1): Row = [21 20 16 13 11  7  0  0]
Row 142 NOT safe: diff to LARGE: (diff = -4, j=4): Row = [40 38 36 34 32 28 26 21]
Row 143 NOT safe: diff to LARGE: (diff = -5, j=1): Row = [50 48 43 42 41 39  0  0]
Row 144 NOT safe: diff to LARGE: (diff = -6, j=1): Row = [31 29 23 20 21  0  0  0]
Row 145 NOT safe: diff to LARGE: (diff = -5, j=2): Row = [83 80 77 72 70 70  0  0]
Row 146 NOT safe: diff to LARGE: (diff = -6, j=5): Row = [56 53 51 48 45 42 36 32]
Row 147 NOT safe: diff to LARGE: (diff = -6, j=3): Row = [84 81 78 76 70 63  0  0]
Row 148 NOT safe: SIGN change: (-1, j=1): Row = [85 86 85 82 79  0  0  0]
Row 149 NOT safe: SIGN change: (-6, j=1): Row = [72 74 71 69 72  0  0  0]
Row 150 NOT safe: SIGN change: (-3, j=1): Row = [67 70 69 67 65 64 62 62]
Row 151 NOT safe: SIGN change: (-2, j=1): Row = [25 26 24 23 22 19 18 14]
Row 152 NOT safe: SIGN change: (-6, j=1): Row = [75 77 74 73 71 69 67 62]
Row 153 NOT safe: SIGN change: (-1, j=1): Row = [80 81 80 79 81 80 78  0]
Row 154 NOT safe: SIGN change: (-1, j=1): Row = [45 46 45 42 45 42 43  0]
Row 155 NOT safe: SIGN change: (-3, j=1): Row = [93 96 95 98 98  0  0  0]
Row 156 NOT safe: SIGN change: (-6, j=1): Row = [17 20 18 19 17 13  0  0]
Row 157 NOT safe: SIGN change: (-9, j=1): Row = [23 26 23 22 23 18  0  0]
Row 158 NOT safe: NO change: (0, j=1): Row = [23 26 26 25 23 21 19 17]
Row 159 NOT safe: SIGN change: (-2, j=1): Row = [56 58 57 55 52 52 54  0]
Row 160 NOT safe: SIGN change: (-6, j=1): Row = [37 39 36 36 34 34  0  0]
Row 161 NOT safe: SIGN change: (-6, j=1): Row = [35 38 36 34 31 28 28 24]
Row 162 NOT safe: NO change: (0, j=1): Row = [50 51 51 49 47 45 38  0]
Row 163 NOT safe: SIGN change: (-3, j=1): Row = [57 60 59 57 56 52 51  0]
Row 164 NOT safe: SIGN change: (-2, j=1): Row = [47 48 46 43 39 42  0  0]
Row 165 NOT safe: SIGN change: (-3, j=1): Row = [13 14 11  9  7  3  1  1]
Row 166 NOT safe: SIGN change: (-9, j=1): Row = [40 43 40 37 35 31 30 26]
Row 167 NOT safe: SIGN change: (-4, j=1): Row = [32 34 32 31 30 28 24 17]
Row 168 NOT safe: SIGN change: (-14, j=1): Row = [58 60 53 51 48 45  0  0]
Row 169 NOT safe: SIGN change: (-14, j=1): Row = [15 17 10  9  6  5  4  6]
Row 170 NOT safe: SIGN change: (-6, j=1): Row = [42 45 43 37 37  0  0  0]
Row 171 NOT safe: SIGN change: (-2, j=1): Row = [79 81 80 73 72 68  0  0]
Row 172 NOT safe: SIGN change: (-1, j=1): Row = [63 64 63 62 59 56 49 42]
Row 173 NOT safe: diff to LARGE: (diff = 0, j=0): Row = [12 12  9  6  5  3  2  0]
Row 174 NOT safe: diff to LARGE: (diff = 0, j=0): Row = [13 13 11  9 10  0  0  0]
Row 175 NOT safe: diff to LARGE: (diff = 0, j=0): Row = [23 23 21 20 18 17 17  0]
Row 176 NOT safe: diff to LARGE: (diff = 0, j=0): Row = [27 27 25 22 20 16  0  0]
Row 177 NOT safe: diff to LARGE: (diff = 0, j=0): Row = [75 75 73 72 65  0  0  0]
Row 178 NOT safe: diff to LARGE: (diff = 0, j=0): Row = [87 87 90 88 85 83 81 80]
Row 179 NOT safe: diff to LARGE: (diff = 0, j=0): Row = [29 29 26 25 26 24 25  0]
Row 180 NOT safe: diff to LARGE: (diff = 0, j=0): Row = [38 38 39 38 35 32 32  0]
Row 181 NOT safe: diff to LARGE: (diff = 0, j=0): Row = [70 70 73 70 67 66 62  0]
Row 182 NOT safe: diff to LARGE: (diff = 0, j=0): Row = [57 57 60 57 56 50  0  0]
Row 183 NOT safe: diff to LARGE: (diff = 0, j=0): Row = [49 49 49 47 45 44  0  0]
Row 184 NOT safe: diff to LARGE: (diff = 0, j=0): Row = [29 29 26 26 25 27  0  0]
Row 185 NOT safe: diff to LARGE: (diff = 0, j=0): Row = [22 22 22 20 18 15 14 14]
Row 186 NOT safe: diff to LARGE: (diff = 0, j=0): Row = [77 77 77 76 72  0  0  0]
Row 187 NOT safe: diff to LARGE: (diff = 0, j=0): Row = [23 23 20 20 14  0  0  0]
Row 188 NOT safe: diff to LARGE: (diff = 0, j=0): Row = [54 54 53 50 48 47 43 41]
Row 189 NOT safe: diff to LARGE: (diff = 0, j=0): Row = [14 14 12  9  5  4  3  5]
Row 190 NOT safe: diff to LARGE: (diff = 0, j=0): Row = [23 23 21 19 17 13 13  0]
Row 191 NOT safe: diff to LARGE: (diff = 0, j=0): Row = [73 73 71 67 66 62  0  0]
Row 192 NOT safe: diff to LARGE: (diff = 0, j=0): Row = [98 98 94 93 92 91 86  0]
Row 193 NOT safe: diff to LARGE: (diff = 0, j=0): Row = [60 60 54 51 48 45 44  0]
Row 194 NOT safe: diff to LARGE: (diff = 0, j=0): Row = [98 98 92 89 86 84 82 84]
Row 195 NOT safe: diff to LARGE: (diff = 0, j=0): Row = [43 43 36 35 32 31 29 29]
Row 196 NOT safe: diff to LARGE: (diff = 0, j=0): Row = [49 49 48 46 44 39 36 32]
Row 197 NOT safe: diff to LARGE: (diff = 0, j=0): Row = [49 49 47 45 43 41 36 31]
Row 198 NOT safe: diff to LARGE: (diff = -4, j=0): Row = [24 20 19 18 15 14 13 10]
Row 199 NOT safe: diff to LARGE: (diff = -4, j=0): Row = [71 67 65 63 66  0  0  0]
Row 200 NOT safe: diff to LARGE: (diff = -4, j=0): Row = [36 32 29 28 26 25 24 24]
Row 201 NOT safe: diff to LARGE: (diff = -4, j=0): Row = [77 73 70 69 66 62  0  0]
Row 202 NOT safe: diff to LARGE: (diff = -4, j=0): Row = [44 40 37 35 33 28  0  0]
Row 203 NOT safe: diff to LARGE: (diff = -4, j=0): Row = [44 40 37 40 38 36 34  0]
Row 204 NOT safe: diff to LARGE: (diff = -4, j=0): Row = [10  6  5  2  5  2  3  0]
Row 205 NOT safe: diff to LARGE: (diff = -4, j=0): Row = [29 25 26 24 24  0  0  0]
Row 206 NOT safe: diff to LARGE: (diff = -4, j=0): Row = [79 75 78 77 73  0  0  0]
Row 207 NOT safe: diff to LARGE: (diff = -4, j=0): Row = [96 92 89 92 86  0  0  0]
Row 208 NOT safe: diff to LARGE: (diff = -4, j=0): Row = [11  7  7  6  3  2  1  0]
Row 209 NOT safe: diff to LARGE: (diff = -4, j=0): Row = [19 15 13 11 10  8  8  9]
Row 210 NOT safe: diff to LARGE: (diff = -4, j=0): Row = [32 28 25 25 25  0  0  0]
Row 211 NOT safe: diff to LARGE: (diff = -4, j=0): Row = [70 66 64 64 61 57  0  0]
Row 212 NOT safe: diff to LARGE: (diff = -4, j=0): Row = [69 65 65 62 61 56  0  0]
Row 213 NOT safe: diff to LARGE: (diff = -4, j=0): Row = [79 75 73 69 68 65 63  0]
Row 214 NOT safe: diff to LARGE: (diff = -4, j=0): Row = [97 93 89 87 90  0  0  0]
Row 215 NOT safe: diff to LARGE: (diff = -4, j=0): Row = [57 53 50 49 45 43 43  0]
Row 216 NOT safe: diff to LARGE: (diff = -4, j=0): Row = [59 55 51 50 47 43  0  0]
Row 217 NOT safe: diff to LARGE: (diff = -4, j=0): Row = [49 45 44 43 41 40 36 31]
Row 218 NOT safe: diff to LARGE: (diff = -4, j=0): Row = [72 68 66 59 56 54  0  0]
Row 219 NOT safe: diff to LARGE: (diff = -4, j=0): Row = [87 83 82 81 80 73 74  0]
Row 220 NOT safe: diff to LARGE: (diff = -4, j=0): Row = [95 91 89 87 82 82  0  0]
Row 221 NOT safe: diff to LARGE: (diff = -4, j=0): Row = [55 51 50 48 41 37  0  0]
Row 222 NOT safe: diff to LARGE: (diff = -4, j=0): Row = [64 60 59 56 50 43  0  0]
Row 223 NOT safe: diff to LARGE: (diff = -5, j=0): Row = [67 62 61 58 57 56 54 51]
Row 224 NOT safe: diff to LARGE: (diff = -7, j=0): Row = [24 17 15 14 12 14  0  0]
Row 225 NOT safe: diff to LARGE: (diff = -7, j=0): Row = [76 69 68 66 64 62 62  0]
Row 226 NOT safe: diff to LARGE: (diff = -5, j=0): Row = [47 42 41 40 39 38 36 32]
Row 227 NOT safe: diff to LARGE: (diff = -5, j=0): Row = [62 57 54 51 50 45  0  0]
Row 228 NOT safe: diff to LARGE: (diff = -7, j=0): Row = [73 66 63 65 63  0  0  0]
Row 229 NOT safe: diff to LARGE: (diff = -6, j=0): Row = [32 26 24 26 27  0  0  0]
Row 230 NOT safe: diff to LARGE: (diff = -5, j=0): Row = [44 39 36 34 31 32 31 31]
Row 231 NOT safe: diff to LARGE: (diff = -6, j=0): Row = [91 85 88 87 85 83 79  0]
Row 232 NOT safe: diff to LARGE: (diff = -5, j=0): Row = [85 80 82 79 73  0  0  0]
Row 233 NOT safe: diff to LARGE: (diff = -6, j=0): Row = [87 81 78 77 75 75 74  0]
Row 234 NOT safe: diff to LARGE: (diff = -5, j=0): Row = [25 20 19 19 18 19  0  0]
Row 235 NOT safe: diff to LARGE: (diff = -6, j=0): Row = [41 35 33 31 31 31  0  0]
Row 236 NOT safe: diff to LARGE: (diff = -5, j=0): Row = [80 75 74 71 69 69 68 64]
Row 237 NOT safe: diff to LARGE: (diff = -5, j=0): Row = [62 57 54 54 53 47  0  0]
Row 238 NOT safe: diff to LARGE: (diff = -7, j=0): Row = [48 41 37 35 34 32  0  0]
Row 239 NOT safe: diff to LARGE: (diff = -7, j=0): Row = [40 33 31 28 24 21 19 20]
Row 240 NOT safe: diff to LARGE: (diff = -5, j=0): Row = [18 13 10  6  6  0  0  0]
Row 241 NOT safe: diff to LARGE: (diff = -5, j=0): Row = [66 61 58 54 50  0  0  0]
Row 242 NOT safe: diff to LARGE: (diff = -7, j=0): Row = [68 61 58 56 52 50 45  0]
Row 243 NOT safe: diff to LARGE: (diff = -7, j=0): Row = [68 61 58 56 49 46 45 42]
Row 244 NOT safe: diff to LARGE: (diff = -5, j=0): Row = [79 74 68 66 63 65  0  0]
Row 245 NOT safe: diff to LARGE: (diff = -6, j=0): Row = [19 13 10  3  2  2  0  0]
Row 246 NOT safe: diff to LARGE: (diff = -6, j=0): Row = [84 78 72 69 65  0  0  0]
Row 247 NOT safe: diff to LARGE: (diff = -6, j=0): Row = [84 78 76 75 70 64  0  0]
Row 248 NOT safe: SIGN change: (-1, j=4): Row = [3 4 5 8 9 8 0 0]
Row 249 NOT safe: NO change: (0, j=6): Row = [64 67 69 72 75 78 81 81]
Row 250 NOT safe: diff to LARGE: (diff = 4, j=3): Row = [10 12 13 15 19  0  0  0]
Row 251 NOT safe: diff to LARGE: (diff = 6, j=3): Row = [66 68 70 72 78  0  0  0]
Row 252 NOT safe: SIGN change: (-9, j=2): Row = [56 58 61 58 61 64 65 67]
Row 253 NOT safe: SIGN change: (-4, j=3): Row = [77 79 82 84 82 80  0  0]
Row 254 NOT safe: SIGN change: (-3, j=3): Row = [17 20 23 26 25 27 27  0]
Row 255 NOT safe: SIGN change: (-6, j=3): Row = [57 59 61 63 60 62 63 67]
Row 256 NOT safe: SIGN change: (-2, j=1): Row = [59 60 58 59 65  0  0  0]
Row 257 NOT safe: NO change: (0, j=4): Row = [65 66 68 69 70 70 71  0]
Row 258 NOT safe: NO change: (0, j=2): Row = [85 86 87 87 89 90 89  0]
Row 259 NOT safe: NO change: (0, j=3): Row = [36 37 39 40 40 40  0  0]
Row 260 NOT safe: NO change: (0, j=2): Row = [40 41 44 44 46 50  0  0]
Row 261 NOT safe: NO change: (0, j=1): Row = [ 6  7  7  8 10 12 15 22]
Row 262 NOT safe: diff to LARGE: (diff = 4, j=2): Row = [63 66 69 73 74  0  0  0]
Row 263 NOT safe: diff to LARGE: (diff = 4, j=2): Row = [22 25 27 31 33 35 38 35]
Row 264 NOT safe: diff to LARGE: (diff = 4, j=1): Row = [22 23 27 29 30 31 31  0]
Row 265 NOT safe: diff to LARGE: (diff = 4, j=4): Row = [ 6  8 10 12 15 19 23  0]
Row 266 NOT safe: diff to LARGE: (diff = 4, j=2): Row = [57 58 59 63 65 67 72  0]
Row 267 NOT safe: diff to LARGE: (diff = 5, j=3): Row = [43 45 47 50 55 56 58  0]
Row 268 NOT safe: diff to LARGE: (diff = 5, j=2): Row = [75 77 79 84 81  0  0  0]
Row 269 NOT safe: diff to LARGE: (diff = 5, j=1): Row = [71 72 77 80 81 81  0  0]
Row 270 NOT safe: diff to LARGE: (diff = 6, j=3): Row = [44 45 46 47 53 55 57 61]
Row 271 NOT safe: diff to LARGE: (diff = 5, j=1): Row = [15 17 22 24 27 30 37  0]
Row 272 NOT safe: SIGN change: (-4, j=1): Row = [88 86 88 90 91 94  0  0]
Row 273 NOT safe: SIGN change: (-4, j=1): Row = [74 72 74 75 76 78 80 79]
Row 274 NOT safe: SIGN change: (-9, j=1): Row = [60 57 60 63 63  0  0  0]
Row 275 NOT safe: SIGN change: (-3, j=1): Row = [24 23 26 27 30 33 35 39]
Row 276 NOT safe: SIGN change: (-3, j=1): Row = [49 48 51 54 57 64  0  0]
Row 277 NOT safe: SIGN change: (-9, j=2): Row = [46 43 40 43 44 45 48  0]
Row 278 NOT safe: SIGN change: (-2, j=1): Row = [43 41 42 43 41 42 40  0]
Row 279 NOT safe: SIGN change: (-1, j=1): Row = [55 54 55 56 59 60 57 57]
Row 280 NOT safe: SIGN change: (-4, j=1): Row = [64 62 64 67 70 68 72  0]
Row 281 NOT safe: SIGN change: (-6, j=2): Row = [42 41 38 40 43 46 53  0]
Row 282 NOT safe: SIGN change: (-2, j=1): Row = [86 85 87 87 89  0  0  0]
Row 283 NOT safe: SIGN change: (-6, j=1): Row = [84 81 83 83 80  0  0  0]
Row 284 NOT safe: SIGN change: (-3, j=1): Row = [72 69 70 73 76 76 76  0]
Row 285 NOT safe: NO change: (0, j=1): Row = [65 64 64 65 67 71  0  0]
Row 286 NOT safe: SIGN change: (-4, j=1): Row = [71 69 71 71 73 75 81  0]
Row 287 NOT safe: SIGN change: (-4, j=1): Row = [ 6  5  9 12 15  0  0  0]
Row 288 NOT safe: SIGN change: (-3, j=1): Row = [46 45 48 51 55 54  0  0]
Row 289 NOT safe: SIGN change: (-3, j=1): Row = [70 69 72 76 76  0  0  0]
Row 290 NOT safe: SIGN change: (-4, j=1): Row = [30 28 30 33 37 40 41 45]
Row 291 NOT safe: SIGN change: (-2, j=1): Row = [70 69 71 72 73 77 79 84]
Row 292 NOT safe: SIGN change: (-2, j=1): Row = [53 51 52 54 61 62  0  0]
Row 293 NOT safe: SIGN change: (-6, j=1): Row = [42 39 41 46 48 51 50  0]
Row 294 NOT safe: SIGN change: (-6, j=1): Row = [16 14 17 19 24 26 27 27]
Row 295 NOT safe: SIGN change: (-6, j=1): Row = [74 72 75 77 84 85 89  0]
Row 296 NOT safe: SIGN change: (-12, j=1): Row = [65 63 69 71 78  0  0  0]
Row 297 NOT safe: diff to LARGE: (diff = 0, j=0): Row = [81 81 84 85 86 87  0  0]
Row 298 NOT safe: diff to LARGE: (diff = 0, j=0): Row = [81 81 84 87 88 91 88  0]
Row 299 NOT safe: diff to LARGE: (diff = 0, j=0): Row = [26 26 27 30 32 35 35  0]
Row 300 NOT safe: diff to LARGE: (diff = 0, j=0): Row = [18 18 21 22 24 26 29 33]
Row 301 NOT safe: diff to LARGE: (diff = 0, j=0): Row = [21 21 22 23 26 27 29 36]
Row 302 NOT safe: diff to LARGE: (diff = 0, j=0): Row = [61 61 64 63 66  0  0  0]
Row 303 NOT safe: diff to LARGE: (diff = 0, j=0): Row = [36 36 37 40 41 38 40 39]
Row 304 NOT safe: diff to LARGE: (diff = 0, j=0): Row = [68 68 69 67 67  0  0  0]
Row 305 NOT safe: diff to LARGE: (diff = 0, j=0): Row = [51 51 48 50 54  0  0  0]
Row 306 NOT safe: diff to LARGE: (diff = 0, j=0): Row = [ 4  4  2  3  5  7 10 17]
Row 307 NOT safe: diff to LARGE: (diff = 0, j=0): Row = [51 51 54 57 57 58  0  0]
Row 308 NOT safe: diff to LARGE: (diff = 0, j=0): Row = [54 54 57 57 54  0  0  0]
Row 309 NOT safe: diff to LARGE: (diff = 0, j=0): Row = [62 62 64 64 65 65  0  0]
Row 310 NOT safe: diff to LARGE: (diff = 0, j=0): Row = [64 64 66 66 70  0  0  0]
Row 311 NOT safe: diff to LARGE: (diff = 0, j=0): Row = [84 84 87 89 89 95  0  0]
Row 312 NOT safe: diff to LARGE: (diff = 0, j=0): Row = [ 4  4  5  7  9 13 16 17]
Row 313 NOT safe: diff to LARGE: (diff = 0, j=0): Row = [ 1  1  4  6  7  9 13 11]
Row 314 NOT safe: diff to LARGE: (diff = 0, j=0): Row = [30 30 34 35 35  0  0  0]
Row 315 NOT safe: diff to LARGE: (diff = 0, j=0): Row = [54 54 57 60 64 66 67 71]
Row 316 NOT safe: diff to LARGE: (diff = 0, j=0): Row = [58 58 59 60 63 64 68 73]
Row 317 NOT safe: diff to LARGE: (diff = 0, j=0): Row = [90 90 91 96 99  0  0  0]
Row 318 NOT safe: diff to LARGE: (diff = 0, j=0): Row = [48 48 54 55 56 57 58 56]
Row 319 NOT safe: diff to LARGE: (diff = 0, j=0): Row = [25 25 27 34 37 38 38  0]
Row 320 NOT safe: diff to LARGE: (diff = 0, j=0): Row = [54 54 55 61 64 67 71  0]
Row 321 NOT safe: diff to LARGE: (diff = 0, j=0): Row = [ 8  8 10 13 14 15 22 27]
Row 322 NOT safe: diff to LARGE: (diff = 4, j=0): Row = [16 20 21 24 27 29 31  0]
Row 323 NOT safe: diff to LARGE: (diff = 4, j=0): Row = [38 42 44 46 47 50 47  0]
Row 324 NOT safe: diff to LARGE: (diff = 4, j=0): Row = [41 45 46 49 52 54 54  0]
Row 325 NOT safe: diff to LARGE: (diff = 4, j=0): Row = [41 45 47 49 51 53 57  0]
Row 326 NOT safe: diff to LARGE: (diff = 4, j=0): Row = [76 80 83 84 90  0  0  0]
Row 327 NOT safe: diff to LARGE: (diff = 4, j=0): Row = [63 67 69 70 68 69  0  0]
Row 328 NOT safe: diff to LARGE: (diff = 4, j=0): Row = [10 14 16 19 21 19 22 21]
Row 329 NOT safe: diff to LARGE: (diff = 4, j=0): Row = [43 47 49 46 46  0  0  0]
Row 330 NOT safe: diff to LARGE: (diff = 4, j=0): Row = [66 70 67 68 72  0  0  0]
Row 331 NOT safe: diff to LARGE: (diff = 4, j=0): Row = [36 40 43 40 46  0  0  0]
Row 332 NOT safe: diff to LARGE: (diff = 4, j=0): Row = [81 85 86 86 88 90 92  0]
Row 333 NOT safe: diff to LARGE: (diff = 4, j=0): Row = [66 70 70 71 73 76 73  0]
Row 334 NOT safe: diff to LARGE: (diff = 4, j=0): Row = [37 41 41 42 44 46 46  0]
Row 335 NOT safe: diff to LARGE: (diff = 4, j=0): Row = [ 4  8  8  9 12 14 18  0]
Row 336 NOT safe: diff to LARGE: (diff = 4, j=0): Row = [53 57 59 60 60 62 68  0]
Row 337 NOT safe: diff to LARGE: (diff = 4, j=0): Row = [80 84 85 89 90 93  0  0]
Row 338 NOT safe: diff to LARGE: (diff = 4, j=0): Row = [64 68 71 75 76 77 79 78]
Row 339 NOT safe: diff to LARGE: (diff = 4, j=0): Row = [25 29 33 35 36 39 39  0]
Row 340 NOT safe: diff to LARGE: (diff = 4, j=0): Row = [74 78 79 82 86 87 91  0]
Row 341 NOT safe: diff to LARGE: (diff = 4, j=0): Row = [26 30 33 37 44  0  0  0]
Row 342 NOT safe: diff to LARGE: (diff = 4, j=0): Row = [69 73 78 80 82  0  0  0]
Row 343 NOT safe: diff to LARGE: (diff = 4, j=0): Row = [70 74 80 83 86 84  0  0]
Row 344 NOT safe: diff to LARGE: (diff = 4, j=0): Row = [23 27 28 34 37 37  0  0]
Row 345 NOT safe: diff to LARGE: (diff = 4, j=0): Row = [55 59 61 64 70 73 75 79]
Row 346 NOT safe: diff to LARGE: (diff = 4, j=0): Row = [32 36 38 40 42 48 51 57]
Row 347 NOT safe: diff to LARGE: (diff = 5, j=0): Row = [63 68 71 73 76 77  0  0]
Row 348 NOT safe: diff to LARGE: (diff = 6, j=0): Row = [62 68 69 71 72 69  0  0]
Row 349 NOT safe: diff to LARGE: (diff = 5, j=0): Row = [82 87 88 89 92 93 95 95]
Row 350 NOT safe: diff to LARGE: (diff = 5, j=0): Row = [51 56 59 61 62 63 66 70]
Row 351 NOT safe: diff to LARGE: (diff = 5, j=0): Row = [19 24 25 27 29 36  0  0]
Row 352 NOT safe: diff to LARGE: (diff = 5, j=0): Row = [56 61 62 59 62  0  0  0]
Row 353 NOT safe: diff to LARGE: (diff = 7, j=0): Row = [57 64 65 63 61  0  0  0]
Row 354 NOT safe: diff to LARGE: (diff = 5, j=0): Row = [46 51 53 56 54 56 56  0]
Row 355 NOT safe: diff to LARGE: (diff = 6, j=0): Row = [70 76 78 81 78 82  0  0]
Row 356 NOT safe: diff to LARGE: (diff = 6, j=0): Row = [11 17 19 21 22 20 26  0]
Row 357 NOT safe: diff to LARGE: (diff = 7, j=0): Row = [26 33 35 35 37 38 39  0]
Row 358 NOT safe: diff to LARGE: (diff = 6, j=0): Row = [79 85 86 89 90 91 91 89]
Row 359 NOT safe: diff to LARGE: (diff = 5, j=0): Row = [89 94 96 98 98 98  0  0]
Row 360 NOT safe: diff to LARGE: (diff = 5, j=0): Row = [35 40 40 42 43 45 47 51]
Row 361 NOT safe: diff to LARGE: (diff = 7, j=0): Row = [67 74 76 76 78 84  0  0]
Row 362 NOT safe: diff to LARGE: (diff = 7, j=0): Row = [23 30 31 32 36 39 41 44]
Row 363 NOT safe: diff to LARGE: (diff = 6, j=0): Row = [33 39 42 45 49 47  0  0]
Row 364 NOT safe: diff to LARGE: (diff = 7, j=0): Row = [50 57 59 63 64 64  0  0]
Row 365 NOT safe: diff to LARGE: (diff = 6, j=0): Row = [71 77 80 81 85 87 88 92]
Row 366 NOT safe: diff to LARGE: (diff = 7, j=0): Row = [46 53 54 58 65  0  0  0]
Row 367 NOT safe: diff to LARGE: (diff = 5, j=0): Row = [50 55 58 61 62 67 68  0]
Row 368 NOT safe: diff to LARGE: (diff = 5, j=0): Row = [ 9 14 17 22 21  0  0  0]
Row 369 NOT safe: diff to LARGE: (diff = 6, j=0): Row = [74 80 83 86 91 92 93 93]
Row 370 NOT safe: diff to LARGE: (diff = 6, j=0): Row = [35 41 48 49 52 53 57  0]
Row 371 NOT safe: diff to LARGE: (diff = 6, j=0): Row = [54 60 62 64 67 73 75 82]
Row 372 NOT safe: SIGN change: (-9, j=5): Row = [75 74 71 69 67 64 67  0]
Row 373 NOT safe: NO change: (0, j=3): Row = [31 29 28 25 25  0  0  0]
Row 374 NOT safe: diff to LARGE: (diff = -4, j=6): Row = [60 58 55 54 53 52 49 45]
Row 375 NOT safe: diff to LARGE: (diff = -7, j=3): Row = [29 26 25 23 16  0  0  0]
Row 376 NOT safe: SIGN change: (-3, j=2): Row = [90 88 85 86 83 80 78 77]
Row 377 NOT safe: SIGN change: (-9, j=2): Row = [9 6 3 6 7 0 0 0]
Row 378 NOT safe: SIGN change: (-2, j=3): Row = [12  9  8  7  9  6  6  0]
Row 379 NOT safe: SIGN change: (-6, j=2): Row = [97 95 92 94 90  0  0  0]
Row 380 NOT safe: SIGN change: (-9, j=2): Row = [89 87 84 87 84 82 79 74]
Row 381 NOT safe: NO change: (0, j=4): Row = [67 65 63 60 58 58 57  0]
Row 382 NOT safe: NO change: (0, j=2): Row = [54 51 48 48 45 46  0  0]
Row 383 NOT safe: NO change: (0, j=3): Row = [93 90 87 85 85 85  0  0]
Row 384 NOT safe: NO change: (0, j=1): Row = [36 34 34 31 30 26  0  0]
Row 385 NOT safe: NO change: (0, j=2): Row = [86 85 84 84 79  0  0  0]
Row 386 NOT safe: diff to LARGE: (diff = -4, j=3): Row = [42 40 38 35 31 30 27 24]
Row 387 NOT safe: diff to LARGE: (diff = -4, j=2): Row = [32 29 26 22 23  0  0  0]
Row 388 NOT safe: diff to LARGE: (diff = -4, j=2): Row = [39 37 34 30 27 24 23 23]
Row 389 NOT safe: diff to LARGE: (diff = -4, j=1): Row = [85 83 79 76 74 72 68  0]
Row 390 NOT safe: diff to LARGE: (diff = -4, j=3): Row = [67 64 62 60 56 55 54 47]
Row 391 NOT safe: diff to LARGE: (diff = -7, j=5): Row = [97 94 93 91 88 87 80 79]
Row 392 NOT safe: diff to LARGE: (diff = -5, j=2): Row = [67 65 64 59 57 59  0  0]
Row 393 NOT safe: diff to LARGE: (diff = -5, j=3): Row = [43 40 38 36 31 29 29  0]
Row 394 NOT safe: diff to LARGE: (diff = -5, j=2): Row = [22 20 18 13 10  7  3  0]
Row 395 NOT safe: diff to LARGE: (diff = -6, j=4): Row = [49 47 45 42 40 34 28  0]
Row 396 NOT safe: SIGN change: (-9, j=1): Row = [75 78 75 73 70  0  0  0]
Row 397 NOT safe: SIGN change: (-2, j=1): Row = [7 8 6 4 7 0 0 0]
Row 398 NOT safe: SIGN change: (-4, j=1): Row = [95 97 95 94 94  0  0  0]
Row 399 NOT safe: SIGN change: (-1, j=1): Row = [36 37 36 33 29  0  0  0]
Row 400 NOT safe: SIGN change: (-6, j=1): Row = [96 98 95 93 92 86  0  0]
Row 401 NOT safe: SIGN change: (-3, j=2): Row = [3 5 6 3 2 0 0 0]
Row 402 NOT safe: SIGN change: (-6, j=1): Row = [33 36 34 31 32 35  0  0]
Row 403 NOT safe: SIGN change: (-9, j=1): Row = [13 16 13 14 14  0  0  0]
Row 404 NOT safe: SIGN change: (-6, j=2): Row = [45 46 48 45 43 42 38  0]
Row 405 NOT safe: SIGN change: (-3, j=1): Row = [36 37 34 36 29  0  0  0]
Row 406 NOT safe: NO change: (0, j=1): Row = [27 30 30 28 27  0  0  0]
Row 407 NOT safe: SIGN change: (-3, j=1): Row = [91 92 89 86 83 83 85  0]
Row 408 NOT safe: NO change: (0, j=1): Row = [80 83 83 82 82  0  0  0]
Row 409 NOT safe: SIGN change: (-2, j=1): Row = [33 35 34 32 31 31 28 24]
Row 410 NOT safe: SIGN change: (-6, j=1): Row = [93 95 92 92 87  0  0  0]
Row 411 NOT safe: SIGN change: (-3, j=1): Row = [41 44 43 39 36 34  0  0]
Row 412 NOT safe: SIGN change: (-12, j=1): Row = [17 20 16 15 16  0  0  0]
Row 413 NOT safe: SIGN change: (-2, j=1): Row = [92 94 93 90 88 87 83 83]
Row 414 NOT safe: SIGN change: (-3, j=1): Row = [55 58 57 54 50 46  0  0]
Row 415 NOT safe: SIGN change: (-2, j=1): Row = [44 45 43 41 37 31  0  0]
Row 416 NOT safe: SIGN change: (-6, j=1): Row = [95 97 94 93 90 83 81 80]
Row 417 NOT safe: SIGN change: (-21, j=1): Row = [96 99 92 91 88 90  0  0]
Row 418 NOT safe: SIGN change: (-3, j=1): Row = [38 41 40 39 37 32 31 31]
Row 419 NOT safe: SIGN change: (-18, j=1): Row = [30 33 27 24 23 22 18  0]
Row 420 NOT safe: SIGN change: (-6, j=1): Row = [22 25 23 16 14  7  0  0]
Row 421 NOT safe: diff to LARGE: (diff = 0, j=0): Row = [20 20 18 15 12  0  0  0]
Row 422 NOT safe: diff to LARGE: (diff = 0, j=0): Row = [47 47 44 41 42  0  0  0]
Row 423 NOT safe: diff to LARGE: (diff = 0, j=0): Row = [39 39 38 35 32 29 27 27]
Row 424 NOT safe: diff to LARGE: (diff = 0, j=0): Row = [84 84 83 81 79 77 73  0]
Row 425 NOT safe: diff to LARGE: (diff = 0, j=0): Row = [89 89 86 83 80 78 71  0]
Row 426 NOT safe: diff to LARGE: (diff = 0, j=0): Row = [71 71 68 69 67  0  0  0]
Row 427 NOT safe: diff to LARGE: (diff = 0, j=0): Row = [66 66 64 66 69  0  0  0]
Row 428 NOT safe: diff to LARGE: (diff = 0, j=0): Row = [67 67 64 63 66 66  0  0]
Row 429 NOT safe: diff to LARGE: (diff = 0, j=0): Row = [56 56 55 52 51 50 51 47]
Row 430 NOT safe: diff to LARGE: (diff = 0, j=0): Row = [62 62 59 62 59 57 56 51]
Row 431 NOT safe: diff to LARGE: (diff = 0, j=0): Row = [75 75 72 72 69 66 64 62]
Row 432 NOT safe: diff to LARGE: (diff = 0, j=0): Row = [81 81 80 80 82  0  0  0]
Row 433 NOT safe: diff to LARGE: (diff = 0, j=0): Row = [72 72 69 69 69  0  0  0]
Row 434 NOT safe: diff to LARGE: (diff = 0, j=0): Row = [43 43 42 41 41 38 34  0]
Row 435 NOT safe: diff to LARGE: (diff = 0, j=0): Row = [39 39 37 37 35 32 27  0]
Row 436 NOT safe: diff to LARGE: (diff = 0, j=0): Row = [24 24 20 19 16 15 13 11]
Row 437 NOT safe: diff to LARGE: (diff = 0, j=0): Row = [18 18 14 11 12  0  0  0]
Row 438 NOT safe: diff to LARGE: (diff = 0, j=0): Row = [18 18 14 13 11 10 10  0]
Row 439 NOT safe: diff to LARGE: (diff = 0, j=0): Row = [82 82 80 79 76 72 71 67]
Row 440 NOT safe: diff to LARGE: (diff = 0, j=0): Row = [71 71 70 67 63 62 59 53]
Row 441 NOT safe: diff to LARGE: (diff = 0, j=0): Row = [91 91 84 81 78  0  0  0]
Row 442 NOT safe: diff to LARGE: (diff = 0, j=0): Row = [46 46 43 37 40  0  0  0]
Row 443 NOT safe: diff to LARGE: (diff = 0, j=0): Row = [14 14  8  7  7  0  0  0]
Row 444 NOT safe: diff to LARGE: (diff = 0, j=0): Row = [47 47 42 39 36 33 32 28]
Row 445 NOT safe: diff to LARGE: (diff = 0, j=0): Row = [19 19 14 12 10  9  7  2]
Row 446 NOT safe: diff to LARGE: (diff = -4, j=0): Row = [75 71 69 67 64 63  0  0]
Row 447 NOT safe: diff to LARGE: (diff = -4, j=0): Row = [88 84 81 80 77 75 74 76]
Row 448 NOT safe: diff to LARGE: (diff = -4, j=0): Row = [80 76 75 74 71 70 70  0]
Row 449 NOT safe: diff to LARGE: (diff = -4, j=0): Row = [79 75 74 72 68  0  0  0]
Row 450 NOT safe: diff to LARGE: (diff = -4, j=0): Row = [44 40 37 36 34 28  0  0]
Row 451 NOT safe: diff to LARGE: (diff = -4, j=0): Row = [50 46 44 47 46  0  0  0]
Row 452 NOT safe: diff to LARGE: (diff = -4, j=0): Row = [51 47 49 48 47 44 42 45]
Row 453 NOT safe: diff to LARGE: (diff = -4, j=0): Row = [35 31 33 30 28 25 23 23]
Row 454 NOT safe: diff to LARGE: (diff = -4, j=0): Row = [19 15 14 11 13 12 11  7]
Row 455 NOT safe: diff to LARGE: (diff = -4, j=0): Row = [49 45 44 43 44 39  0  0]
Row 456 NOT safe: diff to LARGE: (diff = -4, j=0): Row = [23 19 18 18 15 14 12  0]
Row 457 NOT safe: diff to LARGE: (diff = -4, j=0): Row = [53 49 48 48 50  0  0  0]
Row 458 NOT safe: diff to LARGE: (diff = -4, j=0): Row = [56 52 52 51 51  0  0  0]
Row 459 NOT safe: diff to LARGE: (diff = -4, j=0): Row = [70 66 64 64 63 62 58  0]
Row 460 NOT safe: diff to LARGE: (diff = -4, j=0): Row = [75 71 69 66 66 63 57  0]
Row 461 NOT safe: diff to LARGE: (diff = -4, j=0): Row = [59 55 53 49 46  0  0  0]
Row 462 NOT safe: diff to LARGE: (diff = -4, j=0): Row = [94 90 86 85 83 86  0  0]
Row 463 NOT safe: diff to LARGE: (diff = -4, j=0): Row = [90 86 82 81 81  0  0  0]
Row 464 NOT safe: diff to LARGE: (diff = -4, j=0): Row = [51 47 43 41 37  0  0  0]
Row 465 NOT safe: diff to LARGE: (diff = -4, j=0): Row = [63 59 56 54 50 45  0  0]
Row 466 NOT safe: diff to LARGE: (diff = -4, j=0): Row = [75 71 68 65 60 57 54  0]
Row 467 NOT safe: diff to LARGE: (diff = -4, j=0): Row = [25 21 18 13 10  8  9  0]
Row 468 NOT safe: diff to LARGE: (diff = -4, j=0): Row = [95 91 85 84 84  0  0  0]
Row 469 NOT safe: diff to LARGE: (diff = -4, j=0): Row = [96 92 89 86 81 77  0  0]
Row 470 NOT safe: diff to LARGE: (diff = -4, j=0): Row = [42 38 36 34 28 27 25 20]
Row 471 NOT safe: diff to LARGE: (diff = -7, j=0): Row = [52 45 43 41 39 38  0  0]
Row 472 NOT safe: diff to LARGE: (diff = -5, j=0): Row = [61 56 54 52 51 53  0  0]
Row 473 NOT safe: diff to LARGE: (diff = -7, j=0): Row = [90 83 82 79 77 76 76  0]
Row 474 NOT safe: diff to LARGE: (diff = -5, j=0): Row = [99 94 92 89 88 84  0  0]
Row 475 NOT safe: diff to LARGE: (diff = -5, j=0): Row = [50 45 43 41 39 38 35 29]
Row 476 NOT safe: diff to LARGE: (diff = -5, j=0): Row = [10  5  8  7  6  0  0  0]
Row 477 NOT safe: diff to LARGE: (diff = -5, j=0): Row = [68 63 62 59 61 64  0  0]
Row 478 NOT safe: diff to LARGE: (diff = -7, j=0): Row = [89 82 79 82 79 77 77  0]
Row 479 NOT safe: diff to LARGE: (diff = -7, j=0): Row = [15  8  9  8  5  1  0  0]
Row 480 NOT safe: diff to LARGE: (diff = -5, j=0): Row = [22 17 14 17 12  0  0  0]
Row 481 NOT safe: diff to LARGE: (diff = -5, j=0): Row = [22 17 16 13 10 10  9  8]
Row 482 NOT safe: diff to LARGE: (diff = -7, j=0): Row = [31 24 21 20 17 17 15 16]
Row 483 NOT safe: diff to LARGE: (diff = -5, j=0): Row = [60 55 54 54 54  0  0  0]
Row 484 NOT safe: diff to LARGE: (diff = -5, j=0): Row = [59 54 52 51 49 46 46 42]
Row 485 NOT safe: diff to LARGE: (diff = -7, j=0): Row = [95 88 86 86 81  0  0  0]
Row 486 NOT safe: diff to LARGE: (diff = -5, j=0): Row = [57 52 49 46 45 41 40 39]
Row 487 NOT safe: diff to LARGE: (diff = -5, j=0): Row = [46 41 38 36 32 33  0  0]
Row 488 NOT safe: diff to LARGE: (diff = -5, j=0): Row = [31 26 24 21 19 17 13 13]
Row 489 NOT safe: diff to LARGE: (diff = -6, j=0): Row = [58 52 50 46 45 43 42 38]
Row 490 NOT safe: diff to LARGE: (diff = -5, j=0): Row = [40 35 34 30 29 23  0  0]
Row 491 NOT safe: diff to LARGE: (diff = -5, j=0): Row = [93 88 87 82 81 78  0  0]
Row 492 NOT safe: diff to LARGE: (diff = -6, j=0): Row = [84 78 75 72 66 69  0  0]
Row 493 NOT safe: diff to LARGE: (diff = -6, j=0): Row = [58 52 47 46 46  0  0  0]
Row 494 NOT safe: diff to LARGE: (diff = -6, j=0): Row = [21 15 13 12  7  5  1  0]
Row 495 NOT safe: diff to LARGE: (diff = -6, j=0): Row = [60 54 53 48 41  0  0  0]
Row 496 NOT safe: diff to LARGE: (diff = 7, j=1): Row = [43 45 52 54 55 55  0  0]
Row 497 NOT safe: diff to LARGE: (diff = -4, j=0): Row = [62 58 55 52 55 54 50  0]
Row 498 NOT safe: SIGN change: (-4, j=4): Row = [27 26 23 20 18 20 16  0]
Row 499 NOT safe: SIGN change: (-4, j=1): Row = [21 19 21 19 18 16 14 12]
Row 500 NOT safe: diff to LARGE: (diff = 7, j=0): Row = [ 5 12 15 21 22 21  0  0]
Row 501 NOT safe: diff to LARGE: (diff = -7, j=0): Row = [43 36 34 37 36 35 37  0]
Row 502 NOT safe: SIGN change: (-3, j=1): Row = [49 50 47 46 47 45 45  0]
Row 503 NOT safe: diff to LARGE: (diff = 0, j=0): Row = [53 53 49 46 43 42 40 40]
Row 504 NOT safe: SIGN change: (-6, j=2): Row = [52 51 49 52 49 44  0  0]
Row 505 NOT safe: diff to LARGE: (diff = 6, j=0): Row = [29 35 38 40 42 41 43 47]
Row 506 NOT safe: SIGN change: (-1, j=1): Row = [68 69 68 66 65 58  0  0]
Row 507 NOT safe: diff to LARGE: (diff = 0, j=0): Row = [84 84 87 89 90 91 93 94]
Row 508 NOT safe: diff to LARGE: (diff = 0, j=0): Row = [18 18 16 15 17  0  0  0]
Row 509 NOT safe: diff to LARGE: (diff = 0, j=0): Row = [2 2 4 6 8 8 0 0]
Row 510 NOT safe: diff to LARGE: (diff = 0, j=0): Row = [52 52 54 52 53 57  0  0]
Row 511 NOT safe: diff to LARGE: (diff = 4, j=0): Row = [84 88 89 96 95  0  0  0]
Row 512 NOT safe: diff to LARGE: (diff = 4, j=5): Row = [30 32 35 37 39 42 46 45]
Row 513 NOT safe: diff to LARGE: (diff = -7, j=0): Row = [34 27 25 18 15  8  0  0]
Row 514 NOT safe: diff to LARGE: (diff = -4, j=0): Row = [48 44 43 41 34 33 29  0]
Row 515 NOT safe: diff to LARGE: (diff = 0, j=0): Row = [32 32 33 32 33  0  0  0]
Row 516 NOT safe: diff to LARGE: (diff = 0, j=0): Row = [96 96 96 94 92 85  0  0]
Row 517 NOT safe: diff to LARGE: (diff = -4, j=5): Row = [97 94 92 90 88 87 83  0]
Row 518 NOT safe: diff to LARGE: (diff = -4, j=0): Row = [36 32 35 33 32 29 27 28]
Row 519 NOT safe: diff to LARGE: (diff = -7, j=0): Row = [35 28 27 22 18  0  0  0]
Row 520 NOT safe: diff to LARGE: (diff = 4, j=0): Row = [41 45 47 44 47 49 47  0]
Row 521 NOT safe: diff to LARGE: (diff = 4, j=4): Row = [48 51 52 53 56 60 62  0]
Row 522 NOT safe: diff to LARGE: (diff = -6, j=0): Row = [88 82 80 77 78 72  0  0]
Row 523 NOT safe: diff to LARGE: (diff = 7, j=2): Row = [39 41 44 51 55  0  0  0]
Row 524 NOT safe: diff to LARGE: (diff = 0, j=0): Row = [17 17 21 22 26  0  0  0]
Row 525 NOT safe: SIGN change: (-2, j=4): Row = [59 61 63 66 67 65  0  0]
Row 526 NOT safe: diff to LARGE: (diff = -4, j=0): Row = [93 89 91 88 85 82 75  0]
Row 527 NOT safe: diff to LARGE: (diff = -4, j=0): Row = [89 85 84 81 78 79  0  0]
Row 528 NOT safe: diff to LARGE: (diff = -5, j=0): Row = [23 18 16 15 18 16  0  0]
Row 529 NOT safe: diff to LARGE: (diff = -4, j=0): Row = [19 15 16 15 15  0  0  0]
Row 530 NOT safe: diff to LARGE: (diff = 0, j=0): Row = [20 20 21 23 30 37  0  0]
Row 531 NOT safe: diff to LARGE: (diff = -7, j=0): Row = [82 75 74 71 69 67 70  0]
Row 532 NOT safe: diff to LARGE: (diff = 0, j=0): Row = [12 12 16 18 24  0  0  0]
Row 533 NOT safe: diff to LARGE: (diff = 0, j=0): Row = [60 60 59 56 49 49  0  0]
Row 534 NOT safe: diff to LARGE: (diff = 0, j=0): Row = [68 68 70 73 74 80 81 78]
Row 535 NOT safe: SIGN change: (-6, j=2): Row = [20 23 25 22 20 18  0  0]
Row 536 NOT safe: diff to LARGE: (diff = 0, j=0): Row = [26 26 27 30 30 33 34 32]
Row 537 NOT safe: diff to LARGE: (diff = -5, j=0): Row = [89 84 79 78 78  0  0  0]
Row 538 NOT safe: SIGN change: (-4, j=2): Row = [32 31 29 31 33 36  0  0]
Row 539 NOT safe: SIGN change: (-6, j=1): Row = [12  9 11 13 15 19  0  0]
Row 540 NOT safe: diff to LARGE: (diff = 7, j=0): Row = [21 28 30 31 32 35 37 37]
Row 541 NOT safe: diff to LARGE: (diff = 0, j=0): Row = [77 77 76 73 71 68 67  0]
Row 542 NOT safe: NO change: (0, j=2): Row = [84 83 80 80 75  0  0  0]
Row 543 NOT safe: SIGN change: (-1, j=4): Row = [76 73 71 69 68 69  0  0]
Row 544 NOT safe: diff to LARGE: (diff = -7, j=0): Row = [47 40 34 31 29 27 24 26]
Row 545 NOT safe: diff to LARGE: (diff = 6, j=0): Row = [27 33 34 38 40 41 42 45]
Row 546 NOT safe: SIGN change: (-1, j=1): Row = [60 59 60 62 63 66 64 64]
Row 547 NOT safe: diff to LARGE: (diff = 4, j=0): Row = [59 63 64 65 67 69 70 74]
Row 548 NOT safe: diff to LARGE: (diff = -7, j=0): Row = [15  8 10  8  8  0  0  0]
Row 549 NOT safe: diff to LARGE: (diff = 0, j=0): Row = [56 56 55 53 51 47 42  0]
Row 550 NOT safe: diff to LARGE: (diff = -4, j=4): Row = [69 68 67 64 63 59 58 54]
Row 551 NOT safe: SIGN change: (-3, j=1): Row = [71 68 69 67 70 72 78  0]
Row 552 NOT safe: SIGN change: (-9, j=1): Row = [66 69 66 64 61 59 55 57]
Row 553 NOT safe: diff to LARGE: (diff = 0, j=0): Row = [13 13 10  9  6  6  4  1]
Row 554 NOT safe: diff to LARGE: (diff = -5, j=0): Row = [94 89 87 85 82 80 76 73]
Row 555 NOT safe: diff to LARGE: (diff = 5, j=0): Row = [18 23 23 26 28  0  0  0]
Row 556 NOT safe: diff to LARGE: (diff = 0, j=0): Row = [19 19 18 17 15 14 10 13]
Row 557 NOT safe: diff to LARGE: (diff = 4, j=0): Row = [18 22 23 20 24  0  0  0]
Row 558 NOT safe: diff to LARGE: (diff = -4, j=0): Row = [36 32 31 24 22 20  0  0]
Row 559 NOT safe: SIGN change: (-4, j=1): Row = [39 41 39 36 35 35  0  0]
Row 560 NOT safe: SIGN change: (-3, j=2): Row = [73 70 67 68 71 72 73 77]
Row 561 NOT safe: NO change: (0, j=1): Row = [20 18 18 21 21  0  0  0]
Row 562 NOT safe: SIGN change: (-1, j=4): Row = [89 91 94 95 96 95 97 97]
Row 563 NOT safe: diff to LARGE: (diff = -4, j=0): Row = [62 58 57 55 52 51 51  0]
Row 564 NOT safe: diff to LARGE: (diff = 0, j=0): Row = [96 96 95 93 92 90 87 80]
Row 565 NOT safe: NO change: (0, j=1): Row = [56 57 57 55 54 51 49  0]
Row 566 NOT safe: diff to LARGE: (diff = -4, j=0): Row = [22 18 17 16 13  0  0  0]
Row 567 NOT safe: diff to LARGE: (diff = 4, j=0): Row = [40 44 45 42 45 46 46  0]
Row 568 NOT safe: diff to LARGE: (diff = -4, j=0): Row = [96 92 89 89 84  0  0  0]
Row 569 NOT safe: diff to LARGE: (diff = -5, j=2): Row = [84 83 81 76 75 75  0  0]
Row 570 NOT safe: NO change: (0, j=4): Row = [23 24 27 29 32 32 35  0]
Row 571 NOT safe: NO change: (0, j=1): Row = [88 90 90 89 87 89  0  0]
Row 572 NOT safe: diff to LARGE: (diff = -7, j=0): Row = [89 82 78 76 72  0  0  0]
Row 573 NOT safe: SIGN change: (-8, j=1): Row = [11  9 13 16 18 22  0  0]
Row 574 NOT safe: diff to LARGE: (diff = -4, j=4): Row = [70 67 66 64 62 58 51  0]
Row 575 NOT safe: diff to LARGE: (diff = 0, j=0): Row = [78 78 77 76 71 68 65  0]
Row 576 NOT safe: diff to LARGE: (diff = 0, j=0): Row = [70 70 72 75 78 80 83 90]
Row 577 NOT safe: diff to LARGE: (diff = -6, j=0): Row = [37 31 31 28 27 27  0  0]
Row 578 NOT safe: diff to LARGE: (diff = 0, j=0): Row = [ 4  4  6  9 10 11 15 18]
Row 579 NOT safe: diff to LARGE: (diff = 0, j=0): Row = [11 11 13 13 17  0  0  0]
Row 580 NOT safe: diff to LARGE: (diff = 6, j=0): Row = [53 59 62 64 61 62 62  0]
Row 581 NOT safe: diff to LARGE: (diff = 4, j=0): Row = [77 81 80 81 82 84 89  0]
Row 582 NOT safe: diff to LARGE: (diff = 5, j=0): Row = [ 2  7 12 15 16 19 20 23]
Row 583 NOT safe: diff to LARGE: (diff = 0, j=0): Row = [58 58 61 64 67 64 66 68]
Row 584 NOT safe: NO change: (0, j=5): Row = [ 3  6  9 12 15 16 16  0]
Row 585 NOT safe: NO change: (0, j=1): Row = [46 45 45 47 49 46  0  0]
Row 586 NOT safe: SIGN change: (-3, j=1): Row = [65 66 63 61 60 55 53 56]
Row 587 NOT safe: diff to LARGE: (diff = -6, j=0): Row = [39 33 31 27 27  0  0  0]
Row 588 NOT safe: diff to LARGE: (diff = 4, j=0): Row = [26 30 31 35 37 37  0  0]
Row 589 NOT safe: diff to LARGE: (diff = 4, j=0): Row = [51 55 57 59 59  0  0  0]
Row 590 NOT safe: diff to LARGE: (diff = 0, j=0): Row = [97 97 96 95 96 95  0  0]
Row 591 NOT safe: diff to LARGE: (diff = -7, j=0): Row = [96 89 87 84 85 81  0  0]
Row 592 NOT safe: diff to LARGE: (diff = 4, j=0): Row = [ 9 13 15 15 17 20 24  0]
Row 593 NOT safe: diff to LARGE: (diff = -7, j=0): Row = [37 30 28 25 24 23 22 17]
Row 594 NOT safe: diff to LARGE: (diff = -6, j=0): Row = [41 35 35 32 35  0  0  0]
Row 595 NOT safe: SIGN change: (-4, j=1): Row = [43 45 43 46 47  0  0  0]
Row 596 NOT safe: diff to LARGE: (diff = 0, j=0): Row = [62 62 60 58 55 53 53  0]
Row 597 NOT safe: diff to LARGE: (diff = 4, j=0): Row = [10 14 17 21 24 26 29  0]
Row 598 NOT safe: diff to LARGE: (diff = 0, j=0): Row = [93 93 90 89 85  0  0  0]
Row 599 NOT safe: diff to LARGE: (diff = 0, j=0): Row = [77 77 84 86 88  0  0  0]
Row 600 NOT safe: NO change: (0, j=1): Row = [90 88 88 91 98  0  0  0]
Row 601 NOT safe: NO change: (0, j=4): Row = [98 95 92 91 90 90 87 87]
Row 602 NOT safe: diff to LARGE: (diff = 4, j=1): Row = [71 72 76 79 83  0  0  0]
Row 603 NOT safe: diff to LARGE: (diff = 0, j=0): Row = [27 27 25 24 20 18 17  0]
Row 604 NOT safe: diff to LARGE: (diff = 6, j=0): Row = [45 51 52 54 56 59 61 59]
Row 605 NOT safe: diff to LARGE: (diff = 0, j=0): Row = [20 20 20 19 16 18  0  0]
Row 606 NOT safe: diff to LARGE: (diff = -4, j=0): Row = [32 28 28 26 24 23 22  0]
Row 607 NOT safe: diff to LARGE: (diff = 5, j=2): Row = [30 33 34 39 41 43 50  0]
Row 608 NOT safe: diff to LARGE: (diff = -5, j=3): Row = [33 32 29 27 22  0  0  0]
Row 609 NOT safe: SIGN change: (-4, j=1): Row = [28 26 28 31 35 36  0  0]
Row 610 NOT safe: SIGN change: (-21, j=1): Row = [63 66 59 58 56 53 51  0]
Row 611 NOT safe: diff to LARGE: (diff = 4, j=0): Row = [66 70 72 76 80  0  0  0]
Row 612 NOT safe: diff to LARGE: (diff = 0, j=0): Row = [62 62 66 67 70 72 72  0]
Row 613 NOT safe: NO change: (0, j=1): Row = [66 67 67 64 63 60 59 53]
Row 614 NOT safe: diff to LARGE: (diff = 4, j=0): Row = [23 27 29 30 31 36  0  0]
Row 615 NOT safe: diff to LARGE: (diff = -7, j=0): Row = [87 80 79 78 75 71  0  0]
Row 616 NOT safe: SIGN change: (-1, j=1): Row = [97 98 97 96 95 90 86  0]
Row 617 NOT safe: SIGN change: (-9, j=1): Row = [75 72 75 81 82 85 89  0]
Row 618 NOT safe: diff to LARGE: (diff = -5, j=0): Row = [36 31 28 28 26 23 21 14]
Row 619 NOT safe: diff to LARGE: (diff = 5, j=0): Row = [32 37 44 45 48 48  0  0]
Row 620 NOT safe: diff to LARGE: (diff = 4, j=0): Row = [50 54 55 57 59 62  0  0]
Row 621 NOT safe: SIGN change: (-3, j=1): Row = [73 76 75 72 70 67 60 54]
Row 622 NOT safe: diff to LARGE: (diff = 4, j=0): Row = [64 68 69 71 69 72 74 75]
Row 623 NOT safe: diff to LARGE: (diff = 7, j=0): Row = [57 64 66 68 72 73 75 75]
Row 624 NOT safe: diff to LARGE: (diff = 0, j=0): Row = [87 87 86 87 85 81  0  0]
Row 625 NOT safe: diff to LARGE: (diff = 6, j=0): Row = [74 80 84 87 92  0  0  0]
Row 626 NOT safe: diff to LARGE: (diff = -4, j=0): Row = [99 95 94 91 88 81 81  0]
Row 627 NOT safe: SIGN change: (-6, j=1): Row = [41 38 40 38 38  0  0  0]
Row 628 NOT safe: diff to LARGE: (diff = 4, j=0): Row = [30 34 37 40 43 49 49  0]
Row 629 NOT safe: SIGN change: (-4, j=1): Row = [28 26 28 31 32 33 39  0]
Row 630 NOT safe: diff to LARGE: (diff = 4, j=0): Row = [61 65 65 67 68 70 72 75]
Row 631 NOT safe: diff to LARGE: (diff = 4, j=1): Row = [59 60 64 67 74  0  0  0]
Row 632 NOT safe: NO change: (0, j=1): Row = [44 46 46 47 47  0  0  0]
Row 633 NOT safe: diff to LARGE: (diff = -4, j=0): Row = [30 26 25 24 22 18  0  0]
Row 634 NOT safe: diff to LARGE: (diff = 5, j=5): Row = [18 20 23 25 28 29 34  0]
Row 635 NOT safe: diff to LARGE: (diff = 0, j=0): Row = [66 66 67 68 69 69 71 76]
Row 636 NOT safe: NO change: (0, j=4): Row = [82 83 84 86 88 88 85  0]
Row 637 NOT safe: diff to LARGE: (diff = -4, j=0): Row = [37 33 31 30 29 26 20  0]
Row 638 NOT safe: diff to LARGE: (diff = 0, j=0): Row = [11 11 11 10  7  7  0  0]
Row 639 NOT safe: SIGN change: (-4, j=2): Row = [58 59 61 59 62 64 68  0]
Row 640 NOT safe: SIGN change: (-3, j=1): Row = [38 39 36 34 32 29 25  0]
Row 641 NOT safe: diff to LARGE: (diff = 6, j=0): Row = [50 56 59 61 63 65 71  0]
Row 642 NOT safe: SIGN change: (-3, j=2): Row = [33 36 37 34 39  0  0  0]
Row 643 NOT safe: diff to LARGE: (diff = -4, j=0): Row = [39 35 32 30 26 27  0  0]
Row 644 NOT safe: diff to LARGE: (diff = 6, j=0): Row = [20 26 28 29 26 29  0  0]
Row 645 NOT safe: SIGN change: (-2, j=1): Row = [38 37 39 45 45  0  0  0]
Row 646 NOT safe: NO change: (0, j=3): Row = [ 1  2  5  8  8 15  0  0]
Row 647 NOT safe: diff to LARGE: (diff = 0, j=0): Row = [54 54 56 58 63 65 66 66]
Row 648 NOT safe: diff to LARGE: (diff = 5, j=0): Row = [29 34 36 37 40  0  0  0]
Row 649 NOT safe: diff to LARGE: (diff = -4, j=0): Row = [89 85 82 81 80 76 75 74]
Row 650 NOT safe: diff to LARGE: (diff = 4, j=0): Row = [37 41 46 48 51 55  0  0]
Row 651 NOT safe: diff to LARGE: (diff = -4, j=0): Row = [98 94 94 93 91 90 86  0]
Row 652 NOT safe: SIGN change: (-6, j=1): Row = [ 6  3  5  8 10 12 12  0]
Row 653 NOT safe: diff to LARGE: (diff = 7, j=0): Row = [20 27 24 27 32  0  0  0]
Row 654 NOT safe: diff to LARGE: (diff = -5, j=0): Row = [38 33 27 24 23 22  0  0]
Row 655 NOT safe: SIGN change: (-3, j=1): Row = [59 60 57 55 53 51 52  0]
Row 656 NOT safe: diff to LARGE: (diff = 6, j=0): Row = [19 25 26 26 31  0  0  0]
Row 657 NOT safe: diff to LARGE: (diff = 0, j=0): Row = [83 83 85 82 84 85 84  0]
Row 658 NOT safe: SIGN change: (-1, j=1): Row = [44 45 44 44 44  0  0  0]
Row 659 NOT safe: diff to LARGE: (diff = 5, j=0): Row = [ 6 11 14 16 22 24 25 30]
Row 660 NOT safe: SIGN change: (-6, j=1): Row = [ 9  7 10  7  6  9  0  0]
Row 661 NOT safe: SIGN change: (-3, j=1): Row = [74 75 72 68 67 63  0  0]
Row 662 NOT safe: diff to LARGE: (diff = -7, j=0): Row = [64 57 56 53 51 49 49  0]
Row 663 NOT safe: NO change: (0, j=1): Row = [33 31 31 29 27 24 22 18]
Row 664 NOT safe: diff to LARGE: (diff = -4, j=3): Row = [74 71 70 67 63 62 65  0]
Row 665 NOT safe: diff to LARGE: (diff = -4, j=0): Row = [25 21 17 16 12  0  0  0]
Row 666 NOT safe: diff to LARGE: (diff = 4, j=0): Row = [18 22 25 28 28 30 33 33]
Row 667 NOT safe: diff to LARGE: (diff = -4, j=1): Row = [88 86 82 79 76 74 71 70]
Row 668 NOT safe: diff to LARGE: (diff = 4, j=0): Row = [21 25 28 29 36 43  0  0]
Row 669 NOT safe: diff to LARGE: (diff = 4, j=1): Row = [82 83 87 89 90 90  0  0]
Row 670 NOT safe: diff to LARGE: (diff = 0, j=0): Row = [62 62 61 60 59 58 52 54]
Row 671 NOT safe: SIGN change: (-3, j=1): Row = [87 88 85 86 83 81 77  0]
Row 672 NOT safe: diff to LARGE: (diff = -6, j=0): Row = [65 59 57 57 53  0  0  0]
Row 673 NOT safe: diff to LARGE: (diff = -7, j=0): Row = [77 70 69 66 63  0  0  0]
Row 674 NOT safe: diff to LARGE: (diff = -4, j=0): Row = [42 38 37 35 32 26 19  0]
Row 675 NOT safe: diff to LARGE: (diff = 0, j=0): Row = [47 47 46 43 40 37 31 26]
Row 676 NOT safe: diff to LARGE: (diff = 0, j=0): Row = [4 4 6 5 2 2 0 0]
Row 677 NOT safe: diff to LARGE: (diff = 0, j=0): Row = [78 78 75 74 71 67 63  0]
Row 678 NOT safe: diff to LARGE: (diff = -6, j=1): Row = [85 84 78 75 73 67  0  0]
Row 679 NOT safe: SIGN change: (-1, j=1): Row = [38 37 38 40 43 46 43  0]
Row 680 NOT safe: diff to LARGE: (diff = -5, j=0): Row = [40 35 35 34 32  0  0  0]
Row 681 NOT safe: diff to LARGE: (diff = 0, j=0): Row = [ 5  5  7  9 12 16  0  0]
Row 682 NOT safe: diff to LARGE: (diff = -4, j=0): Row = [70 66 64 60 59 57 54 49]
Row 683 NOT safe: SIGN change: (-2, j=1): Row = [62 63 61 62 57  0  0  0]
Row 684 NOT safe: diff to LARGE: (diff = 0, j=0): Row = [37 37 38 37 36 34 28  0]
Row 685 NOT safe: diff to LARGE: (diff = 5, j=0): Row = [38 43 43 44 46 47 46  0]
Row 686 NOT safe: diff to LARGE: (diff = -4, j=2): Row = [84 83 82 78 78  0  0  0]
Row 687 NOT safe: SIGN change: (-9, j=1): Row = [27 24 27 30 31 35 42  0]
Row 688 NOT safe: diff to LARGE: (diff = 7, j=3): Row = [82 83 84 85 92 94  0  0]
Row 689 NOT safe: SIGN change: (-6, j=3): Row = [74 77 78 81 79 80 77  0]
Row 690 NOT safe: diff to LARGE: (diff = 0, j=0): Row = [80 80 77 70 67 65 64 60]
Row 691 NOT safe: diff to LARGE: (diff = 4, j=0): Row = [40 44 46 49 51 51 48  0]
Row 692 NOT safe: diff to LARGE: (diff = 4, j=0): Row = [43 47 48 54 56  0  0  0]
Row 693 NOT safe: diff to LARGE: (diff = -4, j=0): Row = [20 16 14 12  8  8  0  0]
Row 694 NOT safe: SIGN change: (-4, j=1): Row = [57 55 57 60 63 60 58  0]
Row 695 NOT safe: SIGN change: (-3, j=1): Row = [91 94 93 92 90  0  0  0]
Row 696 NOT safe: diff to LARGE: (diff = 7, j=0): Row = [14 21 24 25 26 27 27 27]
Row 697 NOT safe: diff to LARGE: (diff = 0, j=0): Row = [76 76 83 84 86 90  0  0]
Row 698 NOT safe: diff to LARGE: (diff = 6, j=3): Row = [54 57 58 60 66 64  0  0]
Row 699 NOT safe: SIGN change: (-6, j=2): Row = [21 22 24 21 22 25 27  0]
Row 700 NOT safe: NO change: (0, j=5): Row = [17 16 14 11  9  7  7  0]
Row 701 NOT safe: diff to LARGE: (diff = -4, j=0): Row = [78 74 73 72 71 68 62 65]
Row 702 NOT safe: diff to LARGE: (diff = 0, j=0): Row = [91 91 92 94 96 99 98  0]
Row 703 NOT safe: diff to LARGE: (diff = 0, j=0): Row = [55 55 54 55 60  0  0  0]
Row 704 NOT safe: diff to LARGE: (diff = -4, j=0): Row = [85 81 80 78 76 76 73 73]
Row 705 NOT safe: diff to LARGE: (diff = 4, j=0): Row = [56 60 62 64 66 68 72 78]
Row 706 NOT safe: diff to LARGE: (diff = 7, j=0): Row = [37 44 46 50 52 54 56 60]
Row 707 NOT safe: SIGN change: (-1, j=1): Row = [32 33 32 30 26 20  0  0]
Row 708 NOT safe: diff to LARGE: (diff = 5, j=0): Row = [61 66 67 68 70 70 71 75]
Row 709 NOT safe: NO change: (0, j=2): Row = [47 44 42 42 39 38 36 34]
Row 710 NOT safe: SIGN change: (-2, j=1): Row = [ 9  8 10 17 20 21 24  0]
Row 711 NOT safe: diff to LARGE: (diff = -6, j=0): Row = [78 72 68 65 62 60 53  0]
Row 712 NOT safe: SIGN change: (-6, j=1): Row = [31 29 32 39 45  0  0  0]
Row 713 NOT safe: SIGN change: (-6, j=1): Row = [48 46 49 50 53 54 56 57]
Row 714 NOT safe: diff to LARGE: (diff = 4, j=0): Row = [20 24 25 26 29 30 28  0]
Row 715 NOT safe: SIGN change: (-10, j=1): Row = [86 84 89 92 94 97 95  0]
Row 716 NOT safe: diff to LARGE: (diff = 0, j=0): Row = [11 11 12 14 14 17 18 18]
Row 717 NOT safe: diff to LARGE: (diff = 4, j=0): Row = [20 24 25 29 31 33 30  0]
Row 718 SAFE: [51 53 55 57 58 60 62  0]
Row 719 SAFE: [15 13 11  9  7  4  0  0]
Row 720 SAFE: [63 64 65 68 71 73  0  0]
Row 721 SAFE: [31 33 36 38 40 43 45 48]
Row 722 SAFE: [60 58 56 55 54 51  0  0]
Row 723 SAFE: [ 2  4  6  9 12 13 15 16]
Row 724 SAFE: [13 16 19 20 22 24 27  0]
Row 725 SAFE: [69 70 73 75 77 79  0  0]
Row 726 SAFE: [31 32 34 36 38 39 41  0]
Row 727 SAFE: [18 21 22 24 26  0  0  0]
Row 728 SAFE: [ 7  8 11 13 15 18 20 23]
Row 729 SAFE: [52 50 47 46 43  0  0  0]
Row 730 SAFE: [40 37 34 32 31 29  0  0]
Row 731 SAFE: [24 26 27 29 32 34 37  0]
Row 732 SAFE: [33 30 28 25 22 19 17  0]
Row 733 SAFE: [13 10  7  6  5  3  2  0]
Row 734 SAFE: [24 22 20 18 16 14 11  0]
Row 735 SAFE: [69 66 64 62 60 59 58  0]
Row 736 SAFE: [33 32 30 29 28 27  0  0]
Row 737 SAFE: [94 93 90 87 86  0  0  0]
Row 738 SAFE: [38 35 32 30 27  0  0  0]
Row 739 SAFE: [63 65 66 67 68 70  0  0]
Row 740 SAFE: [55 57 60 62 65 66 68  0]
Row 741 SAFE: [54 57 58 60 63 66  0  0]
Row 742 SAFE: [30 29 27 24 23  0  0  0]
Row 743 SAFE: [17 16 15 12 10  7  5  3]
Row 744 SAFE: [58 57 54 53 51 49 47  0]
Row 745 SAFE: [17 19 21 24 27  0  0  0]
Row 746 SAFE: [74 76 78 81 84 85 88 89]
Row 747 SAFE: [75 73 72 70 67 64 62  0]
Row 748 SAFE: [52 53 56 59 62  0  0  0]
Row 749 SAFE: [36 33 31 29 26 23  0  0]
Row 750 SAFE: [81 84 87 88 91  0  0  0]
Row 751 SAFE: [89 87 84 83 82 79 76  0]
Row 752 SAFE: [30 33 34 36 38 41 42 44]
Row 753 SAFE: [37 36 34 33 32 29 28  0]
Row 754 SAFE: [97 96 95 92 91 89  0  0]
Row 755 SAFE: [26 29 30 31 34 37 38  0]
Row 756 SAFE: [47 46 43 41 39 36  0  0]
Row 757 SAFE: [14 16 19 20 23 26 29  0]
Row 758 SAFE: [67 68 71 74 77 80  0  0]
Row 759 SAFE: [67 65 63 61 60 57 54  0]
Row 760 SAFE: [17 18 21 24 27 30 33  0]
Row 761 SAFE: [93 92 89 86 85  0  0  0]
Row 762 SAFE: [50 53 55 57 59  0  0  0]
Row 763 SAFE: [45 47 50 51 54 57  0  0]
Row 764 SAFE: [56 58 59 60 62 65 67  0]
Row 765 SAFE: [84 82 80 79 76 74 71 70]
Row 766 SAFE: [47 44 41 39 37  0  0  0]
Row 767 SAFE: [54 56 57 60 61 64  0  0]
Row 768 SAFE: [64 61 59 56 55  0  0  0]
Row 769 SAFE: [34 36 37 38 39  0  0  0]
Row 770 SAFE: [57 56 53 51 48 46 43  0]
Row 771 SAFE: [76 73 71 68 65 62 60  0]
Row 772 SAFE: [27 29 32 33 34 37 40  0]
Row 773 SAFE: [57 59 61 63 66 68  0  0]
Row 774 SAFE: [40 39 38 37 34 33  0  0]
Row 775 SAFE: [44 43 40 37 35 32 31 29]
Row 776 SAFE: [37 36 35 34 31 29 26  0]
Row 777 SAFE: [28 26 25 24 22 19 17  0]
Row 778 SAFE: [67 68 70 73 75 77  0  0]
Row 779 SAFE: [47 44 41 39 36 35 34  0]
Row 780 SAFE: [89 87 86 85 82  0  0  0]
Row 781 SAFE: [35 37 39 40 42  0  0  0]
Row 782 SAFE: [77 75 72 71 69 66  0  0]
Row 783 SAFE: [44 43 41 40 38  0  0  0]
Row 784 SAFE: [60 61 63 64 66 69  0  0]
Row 785 SAFE: [20 17 16 15 13 12  0  0]
Row 786 SAFE: [10  9  6  5  2  0  0  0]
Row 787 SAFE: [95 93 92 89 88 86  0  0]
Row 788 SAFE: [36 33 31 30 27 25  0  0]
Row 789 SAFE: [81 80 77 74 72  0  0  0]
Row 790 SAFE: [63 64 66 68 70  0  0  0]
Row 791 SAFE: [30 33 36 39 41 44 45 46]
Row 792 SAFE: [66 69 70 72 73 76 77 79]
Row 793 SAFE: [86 89 92 93 95  0  0  0]
Row 794 SAFE: [52 53 56 58 59 62 65 66]
Row 795 SAFE: [42 39 38 35 33 32 29  0]
Row 796 SAFE: [11 12 14 15 16  0  0  0]
Row 797 SAFE: [31 34 36 38 40 41  0  0]
Row 798 SAFE: [57 60 61 63 65 66  0  0]
Row 799 SAFE: [27 24 21 18 17 15 12 10]
Row 800 SAFE: [57 56 55 53 50 48  0  0]
Row 801 SAFE: [25 22 20 18 15  0  0  0]
Row 802 SAFE: [70 67 64 62 61  0  0  0]
Row 803 SAFE: [21 23 24 26 28  0  0  0]
Row 804 SAFE: [12  9  6  4  3  0  0  0]
Row 805 SAFE: [76 77 80 82 85 88 89 92]
Row 806 SAFE: [56 53 50 49 46 44 41 40]
Row 807 SAFE: [85 88 90 93 95 96 98  0]
Row 808 SAFE: [71 73 76 79 81 83  0  0]
Row 809 SAFE: [46 47 50 52 54 55 56  0]
Row 810 SAFE: [70 71 72 74 77  0  0  0]
Row 811 SAFE: [53 51 48 46 44 43 42 39]
Row 812 SAFE: [ 2  4  6  9 10 12 13  0]
Row 813 SAFE: [58 56 54 53 52 51  0  0]
Row 814 SAFE: [65 68 71 72 75  0  0  0]
Row 815 SAFE: [85 84 81 80 78 77 74  0]
Row 816 SAFE: [19 20 22 25 26 29 32 35]
Row 817 SAFE: [ 6  8 10 13 15 18 20  0]
Row 818 SAFE: [62 59 57 55 54  0  0  0]
Row 819 SAFE: [21 20 19 16 15  0  0  0]
Row 820 SAFE: [17 15 12 10  8  0  0  0]
Row 821 SAFE: [88 90 91 92 93 95 96  0]
Row 822 SAFE: [37 36 34 32 31  0  0  0]
Row 823 SAFE: [77 79 82 85 86 87  0  0]
Row 824 SAFE: [78 81 84 86 88 89  0  0]
Row 825 SAFE: [44 43 42 39 37 34 31 28]
Row 826 SAFE: [55 52 49 46 44 41 40 38]
Row 827 SAFE: [86 87 88 90 93 94 95 97]
Row 828 SAFE: [69 67 66 64 61  0  0  0]
Row 829 SAFE: [30 31 34 37 39  0  0  0]
Row 830 SAFE: [74 75 77 80 82 83 84  0]
Row 831 SAFE: [46 49 50 52 55 56  0  0]
Row 832 SAFE: [80 77 76 75 74  0  0  0]
Row 833 SAFE: [58 61 64 67 69 72 74  0]
Row 834 SAFE: [85 87 88 90 93 94 96 97]
Row 835 SAFE: [79 82 84 87 89 90 92 94]
Row 836 SAFE: [12 15 17 19 22  0  0  0]
Row 837 SAFE: [30 29 27 26 25  0  0  0]
Row 838 SAFE: [39 38 35 34 32  0  0  0]
Row 839 SAFE: [57 56 55 54 53 50 47 44]
Row 840 SAFE: [63 61 58 55 54 52 50  0]
Row 841 SAFE: [93 92 91 88 87  0  0  0]
Row 842 SAFE: [45 47 49 50 51  0  0  0]
Row 843 SAFE: [69 67 66 64 61 58 56  0]
Row 844 SAFE: [55 53 52 51 48 45 44  0]
Row 845 SAFE: [64 63 61 58 57  0  0  0]
Row 846 SAFE: [73 74 75 77 78 79  0  0]
Row 847 SAFE: [9 6 4 3 1 0 0 0]
Row 848 SAFE: [19 22 24 26 27 29  0  0]
Row 849 SAFE: [24 23 21 19 17 14  0  0]
Row 850 SAFE: [82 80 78 75 72 71  0  0]
Row 851 SAFE: [22 24 25 28 31  0  0  0]
Row 852 SAFE: [59 60 63 64 66  0  0  0]
Row 853 SAFE: [22 23 26 27 30  0  0  0]
Row 854 SAFE: [67 65 64 61 60 59  0  0]
Row 855 SAFE: [22 23 25 26 28 30 33 36]
Row 856 SAFE: [34 35 37 38 40 43 44 47]
Row 857 SAFE: [71 70 69 66 64 61  0  0]
Row 858 SAFE: [44 41 40 37 36  0  0  0]
Row 859 SAFE: [32 33 34 37 39 42 45 47]
Row 860 SAFE: [37 38 39 41 44 47  0  0]
Row 861 SAFE: [56 53 52 50 49 48  0  0]
Row 862 SAFE: [75 74 71 69 67 64 61 58]
Row 863 SAFE: [93 92 89 88 86 84 83  0]
Row 864 SAFE: [16 14 11  9  8  7  6  4]
Row 865 SAFE: [42 45 47 50 52  0  0  0]
Row 866 SAFE: [85 86 89 90 93  0  0  0]
Row 867 SAFE: [79 82 83 84 86 89 90  0]
Row 868 SAFE: [40 38 37 34 32 29  0  0]
Row 869 SAFE: [40 43 44 46 48 49  0  0]
Row 870 SAFE: [86 85 83 82 81 80  0  0]
Row 871 SAFE: [91 88 86 85 82 81  0  0]
Row 872 SAFE: [49 50 52 54 56 58 60  0]
Row 873 SAFE: [55 56 57 58 60  0  0  0]
Row 874 SAFE: [83 81 79 76 73 70 68 66]
Row 875 SAFE: [43 42 40 39 37 36 33  0]
Row 876 SAFE: [57 58 59 60 63  0  0  0]
Row 877 SAFE: [48 50 51 54 57 58  0  0]
Row 878 SAFE: [36 37 38 40 43 45 46 49]
Row 879 SAFE: [37 38 39 42 43 46  0  0]
Row 880 SAFE: [72 71 69 66 63 60 59  0]
Row 881 SAFE: [56 55 53 50 49 47 44  0]
Row 882 SAFE: [56 58 59 62 63  0  0  0]
Row 883 SAFE: [35 37 38 41 44 46 49 51]
Row 884 SAFE: [30 28 27 25 24  0  0  0]
Row 885 SAFE: [71 70 69 68 67  0  0  0]
Row 886 SAFE: [68 66 65 63 62 60 57 54]
Row 887 SAFE: [60 61 63 64 65 66 67  0]
Row 888 SAFE: [ 1  4  5  6  9 10  0  0]
Row 889 SAFE: [30 27 25 22 20 19 17 15]
Row 890 SAFE: [60 59 58 57 55 52  0  0]
Row 891 SAFE: [53 54 56 57 59 62 63 64]
Row 892 SAFE: [93 91 88 87 86 84 83 81]
Row 893 SAFE: [96 93 92 89 87 85 83 82]
Row 894 SAFE: [65 63 61 58 55 54 53 51]
Row 895 SAFE: [10 13 16 18 19 22 25 26]
Row 896 SAFE: [26 27 29 32 35 37 40 42]
Row 897 SAFE: [90 87 84 82 80 79 77  0]
Row 898 SAFE: [55 57 58 59 62 65  0  0]
Row 899 SAFE: [38 41 42 45 48 51  0  0]
Row 900 SAFE: [12 13 15 17 19 22 23  0]
Row 901 SAFE: [61 59 58 55 53 52  0  0]
Row 902 SAFE: [ 2  3  5  8 11 13 16 18]
Row 903 SAFE: [60 62 64 67 68 71 74 76]
Row 904 SAFE: [13 10  9  8  7  6  3  1]
Row 905 SAFE: [66 69 70 73 75 76 79  0]
Row 906 SAFE: [67 66 65 62 60 57  0  0]
Row 907 SAFE: [87 84 82 80 77 75 72  0]
Row 908 SAFE: [78 80 82 85 86 88 91 93]
Row 909 SAFE: [39 36 34 32 29 26  0  0]
Row 910 SAFE: [24 22 21 20 18  0  0  0]
Row 911 SAFE: [41 38 35 32 29 28 27 25]
Row 912 SAFE: [86 87 88 90 92 95  0  0]
Row 913 SAFE: [96 95 93 90 88  0  0  0]
Row 914 SAFE: [37 40 42 44 47  0  0  0]
Row 915 SAFE: [36 39 41 44 47 48 50 51]
Row 916 SAFE: [89 90 93 94 95 96  0  0]
Row 917 SAFE: [19 16 15 14 12 10  9  0]
Row 918 SAFE: [66 67 68 69 70 72 73 76]
Row 919 SAFE: [87 85 84 82 79 76 73 71]
Row 920 SAFE: [50 53 55 56 57  0  0  0]
Row 921 SAFE: [31 33 35 37 38 40 41 44]
Row 922 SAFE: [63 60 59 57 56 54  0  0]
Row 923 SAFE: [14 16 19 20 21 22  0  0]
Row 924 SAFE: [82 81 78 75 74  0  0  0]
Row 925 SAFE: [53 55 57 59 60 62 64  0]
Row 926 SAFE: [88 91 93 94 96 97  0  0]
Row 927 SAFE: [62 64 65 67 69 70 72 75]
Row 928 SAFE: [14 12 11  9  8  0  0  0]
Row 929 SAFE: [23 22 21 18 17 14 12 11]
Row 930 SAFE: [85 82 79 78 77  0  0  0]
Row 931 SAFE: [49 52 55 58 60 61  0  0]
Row 932 SAFE: [66 67 70 72 75 78 81  0]
Row 933 SAFE: [76 79 81 84 87 90 92  0]
Row 934 SAFE: [38 40 42 43 44 47  0  0]
Row 935 SAFE: [45 42 39 36 33 32 31  0]
Row 936 SAFE: [53 56 59 62 63 66 68 71]
Row 937 SAFE: [77 76 73 70 68 66  0  0]
Row 938 SAFE: [42 40 37 36 35 33 30 28]
Row 939 SAFE: [ 4  7  9 12 13 16 17  0]
Row 940 SAFE: [84 87 88 89 91  0  0  0]
Row 941 SAFE: [33 34 37 38 40  0  0  0]
Row 942 SAFE: [13 15 17 20 23 26 29 31]
Row 943 SAFE: [63 62 61 58 57  0  0  0]
Row 944 SAFE: [12  9  7  6  5  4  2  1]
Row 945 SAFE: [86 87 88 90 91  0  0  0]
Row 946 SAFE: [88 85 84 83 80 77  0  0]
Row 947 SAFE: [12 11 10  7  6  0  0  0]
Row 948 SAFE: [58 59 61 62 63 65 67 69]
Row 949 SAFE: [55 52 51 48 46 43 42  0]
Row 950 SAFE: [64 61 59 56 54 52 50  0]
Row 951 SAFE: [93 90 89 87 85 84 81  0]
Row 952 SAFE: [40 41 43 46 49  0  0  0]
Row 953 SAFE: [65 63 62 60 59 56 55  0]
Row 954 SAFE: [87 86 83 80 78 76  0  0]
Row 955 SAFE: [34 36 39 40 43  0  0  0]
Row 956 SAFE: [24 25 28 31 34 37 38 39]
Row 957 SAFE: [30 27 24 22 21  0  0  0]
Row 958 SAFE: [26 25 24 23 21 19 16 13]
Row 959 SAFE: [47 45 42 41 40 39  0  0]
Row 960 SAFE: [35 34 33 31 29  0  0  0]
Row 961 SAFE: [24 23 20 18 17 16 15 14]
Row 962 SAFE: [82 80 77 74 71  0  0  0]
Row 963 SAFE: [16 18 21 24 27 30 33  0]
Row 964 SAFE: [61 58 57 56 55  0  0  0]
Row 965 SAFE: [40 39 37 35 32  0  0  0]
Row 966 SAFE: [70 72 75 78 80 83 86 89]
Row 967 SAFE: [68 65 63 62 61 59  0  0]
Row 968 SAFE: [91 89 87 85 82 81 80  0]
Row 969 SAFE: [ 5  6  8 11 13  0  0  0]
Row 970 SAFE: [24 26 29 32 34  0  0  0]
Row 971 SAFE: [46 47 48 49 50 53 56  0]
Row 972 SAFE: [69 71 73 76 79 81 84  0]
Row 973 SAFE: [ 2  4  6  9 12 15 17  0]
Row 974 SAFE: [64 65 66 67 68  0  0  0]
Row 975 SAFE: [68 67 64 63 61  0  0  0]
Row 976 SAFE: [38 36 35 33 32 29 28  0]
Row 977 SAFE: [22 21 20 19 18 15  0  0]
Row 978 SAFE: [61 60 57 54 51  0  0  0]
Row 979 SAFE: [15 13 11 10  7  4  0  0]
Row 980 SAFE: [ 5  7  9 12 14 17 18 20]
Row 981 SAFE: [89 86 85 84 81 80 77  0]
Row 982 SAFE: [31 34 36 39 42 43  0  0]
Row 983 SAFE: [95 92 90 89 88  0  0  0]
Row 984 SAFE: [74 75 76 78 81 82 85 86]
Row 985 SAFE: [ 6  7 10 13 14 15 17 19]
Row 986 SAFE: [75 77 79 81 82  0  0  0]
Row 987 SAFE: [52 53 54 55 56 58  0  0]
Row 988 SAFE: [43 40 39 38 37 36 35  0]
Row 989 SAFE: [54 51 50 49 46  0  0  0]
Row 990 SAFE: [70 73 74 76 78 80  0  0]
Row 991 SAFE: [67 66 65 62 59 58 57  0]
Row 992 SAFE: [31 33 34 35 37 39  0  0]
Row 993 SAFE: [56 58 59 62 63 66 69 70]
Row 994 SAFE: [24 22 21 20 18 16 15  0]
Row 995 SAFE: [22 23 24 25 27  0  0  0]
Row 996 SAFE: [82 83 84 87 88  0  0  0]
Row 997 SAFE: [41 43 45 46 49 52  0  0]
Row 998 SAFE: [24 22 21 19 16 15 13 12]
Row 999 SAFE: [61 64 66 69 71 72 75 77]
Number of safe reports = 282 (out of 1000)
